Analysis & Synthesis report for Aula08
Sun Oct 09 20:02:05 2022
Quartus Prime Version 20.1.0 Build 711 06/05/2020 SJ Lite Edition


---------------------
; Table of Contents ;
---------------------
  1. Legal Notice
  2. Analysis & Synthesis Summary
  3. Analysis & Synthesis Settings
  4. Parallel Compilation
  5. Analysis & Synthesis Source Files Read
  6. Analysis & Synthesis Resource Usage Summary
  7. Analysis & Synthesis Resource Utilization by Entity
  8. Registers Removed During Synthesis
  9. General Register Statistics
 10. Multiplexer Restructuring Statistics (Restructuring Performed)
 11. Parameter Settings for User Entity Instance: Top-level Entity: |Aula08
 12. Parameter Settings for User Entity Instance: CPU:CPU
 13. Parameter Settings for User Entity Instance: CPU:CPU|muxGenerico2x1:MUX1
 14. Parameter Settings for User Entity Instance: CPU:CPU|muxGenerico4x1:MUX2
 15. Parameter Settings for User Entity Instance: CPU:CPU|registradorGenerico:REGA
 16. Parameter Settings for User Entity Instance: CPU:CPU|registradorGenerico:ENDRET
 17. Parameter Settings for User Entity Instance: CPU:CPU|flipFlop:FLAG
 18. Parameter Settings for User Entity Instance: CPU:CPU|registradorGenerico:PC
 19. Parameter Settings for User Entity Instance: CPU:CPU|somaConstante:incrementaPC
 20. Parameter Settings for User Entity Instance: CPU:CPU|ULASomaSub:ULA1
 21. Parameter Settings for User Entity Instance: memoriaROM:ROM
 22. Parameter Settings for User Entity Instance: memoriaRAM:RAM
 23. Parameter Settings for User Entity Instance: logicaLED:LOGICALEDS
 24. Parameter Settings for User Entity Instance: logicaLED:LOGICALEDS|flipFlop:REGLED9
 25. Parameter Settings for User Entity Instance: logicaLED:LOGICALEDS|flipFlop:REGLED8
 26. Parameter Settings for User Entity Instance: logicaLED:LOGICALEDS|registradorGenerico:REGLED0a7
 27. Parameter Settings for User Entity Instance: logicaDisplay:LOGICADISPLAYS
 28. Parameter Settings for User Entity Instance: logicaDisplay:LOGICADISPLAYS|display7Seg:DISPLAY0
 29. Parameter Settings for User Entity Instance: logicaDisplay:LOGICADISPLAYS|display7Seg:DISPLAY0|registradorGenerico:REG
 30. Parameter Settings for User Entity Instance: logicaDisplay:LOGICADISPLAYS|display7Seg:DISPLAY1
 31. Parameter Settings for User Entity Instance: logicaDisplay:LOGICADISPLAYS|display7Seg:DISPLAY1|registradorGenerico:REG
 32. Parameter Settings for User Entity Instance: logicaDisplay:LOGICADISPLAYS|display7Seg:DISPLAY2
 33. Parameter Settings for User Entity Instance: logicaDisplay:LOGICADISPLAYS|display7Seg:DISPLAY2|registradorGenerico:REG
 34. Parameter Settings for User Entity Instance: logicaDisplay:LOGICADISPLAYS|display7Seg:DISPLAY3
 35. Parameter Settings for User Entity Instance: logicaDisplay:LOGICADISPLAYS|display7Seg:DISPLAY3|registradorGenerico:REG
 36. Parameter Settings for User Entity Instance: logicaDisplay:LOGICADISPLAYS|display7Seg:DISPLAY4
 37. Parameter Settings for User Entity Instance: logicaDisplay:LOGICADISPLAYS|display7Seg:DISPLAY4|registradorGenerico:REG
 38. Parameter Settings for User Entity Instance: logicaDisplay:LOGICADISPLAYS|display7Seg:DISPLAY5
 39. Parameter Settings for User Entity Instance: logicaDisplay:LOGICADISPLAYS|display7Seg:DISPLAY5|registradorGenerico:REG
 40. Port Connectivity Checks: "logicaDisplay:LOGICADISPLAYS|display7Seg:DISPLAY0|conversorHex7Seg:DECODER7SEG"
 41. Port Connectivity Checks: "logicaDisplay:LOGICADISPLAYS|display7Seg:DISPLAY0|registradorGenerico:REG"
 42. Port Connectivity Checks: "logicaLED:LOGICALEDS|registradorGenerico:REGLED0a7"
 43. Port Connectivity Checks: "logicaLED:LOGICALEDS|flipFlop:REGLED8"
 44. Port Connectivity Checks: "logicaLED:LOGICALEDS|flipFlop:REGLED9"
 45. Port Connectivity Checks: "decoder3x8:DECODER_ENDERECOS"
 46. Port Connectivity Checks: "decoder3x8:DECODER_BLOCOS"
 47. Port Connectivity Checks: "CPU:CPU|registradorGenerico:PC"
 48. Port Connectivity Checks: "CPU:CPU|flipFlop:FLAG"
 49. Port Connectivity Checks: "CPU:CPU|registradorGenerico:ENDRET"
 50. Port Connectivity Checks: "CPU:CPU|registradorGenerico:REGA"
 51. Post-Synthesis Netlist Statistics for Top Partition
 52. Elapsed Time Per Partition
 53. Analysis & Synthesis Messages



----------------
; Legal Notice ;
----------------
Copyright (C) 2020  Intel Corporation. All rights reserved.
Your use of Intel Corporation's design tools, logic functions 
and other software and tools, and any partner logic 
functions, and any output files from any of the foregoing 
(including device programming or simulation files), and any 
associated documentation or information are expressly subject 
to the terms and conditions of the Intel Program License 
Subscription Agreement, the Intel Quartus Prime License Agreement,
the Intel FPGA IP License Agreement, or other applicable license
agreement, including, without limitation, that your use is for
the sole purpose of programming logic devices manufactured by
Intel and sold by Intel or its authorized distributors.  Please
refer to the applicable agreement for further details, at
https://fpgasoftware.intel.com/eula.



+-------------------------------------------------------------------------------+
; Analysis & Synthesis Summary                                                  ;
+---------------------------------+---------------------------------------------+
; Analysis & Synthesis Status     ; Successful - Sun Oct 09 20:02:05 2022       ;
; Quartus Prime Version           ; 20.1.0 Build 711 06/05/2020 SJ Lite Edition ;
; Revision Name                   ; Aula08                                      ;
; Top-level Entity Name           ; Aula08                                      ;
; Family                          ; Cyclone V                                   ;
; Logic utilization (in ALMs)     ; N/A                                         ;
; Total registers                 ; 51                                          ;
; Total pins                      ; 68                                          ;
; Total virtual pins              ; 0                                           ;
; Total block memory bits         ; 0                                           ;
; Total DSP Blocks                ; 0                                           ;
; Total HSSI RX PCSs              ; 0                                           ;
; Total HSSI PMA RX Deserializers ; 0                                           ;
; Total HSSI TX PCSs              ; 0                                           ;
; Total HSSI PMA TX Serializers   ; 0                                           ;
; Total PLLs                      ; 0                                           ;
; Total DLLs                      ; 0                                           ;
+---------------------------------+---------------------------------------------+


+---------------------------------------------------------------------------------------------------------------------------+
; Analysis & Synthesis Settings                                                                                             ;
+---------------------------------------------------------------------------------+--------------------+--------------------+
; Option                                                                          ; Setting            ; Default Value      ;
+---------------------------------------------------------------------------------+--------------------+--------------------+
; Device                                                                          ; 5CGXFC7C7F23C8     ;                    ;
; Top-level entity name                                                           ; Aula08             ; Aula08             ;
; Family name                                                                     ; Cyclone V          ; Cyclone V          ;
; Use smart compilation                                                           ; Off                ; Off                ;
; Enable parallel Assembler and Timing Analyzer during compilation                ; On                 ; On                 ;
; Enable compact report table                                                     ; Off                ; Off                ;
; Restructure Multiplexers                                                        ; Auto               ; Auto               ;
; MLAB Add Timing Constraints For Mixed-Port Feed-Through Mode Setting Don't Care ; Off                ; Off                ;
; Create Debugging Nodes for IP Cores                                             ; Off                ; Off                ;
; Preserve fewer node names                                                       ; On                 ; On                 ;
; Intel FPGA IP Evaluation Mode                                                   ; Enable             ; Enable             ;
; Verilog Version                                                                 ; Verilog_2001       ; Verilog_2001       ;
; VHDL Version                                                                    ; VHDL_1993          ; VHDL_1993          ;
; State Machine Processing                                                        ; Auto               ; Auto               ;
; Safe State Machine                                                              ; Off                ; Off                ;
; Extract Verilog State Machines                                                  ; On                 ; On                 ;
; Extract VHDL State Machines                                                     ; On                 ; On                 ;
; Ignore Verilog initial constructs                                               ; Off                ; Off                ;
; Iteration limit for constant Verilog loops                                      ; 5000               ; 5000               ;
; Iteration limit for non-constant Verilog loops                                  ; 250                ; 250                ;
; Add Pass-Through Logic to Inferred RAMs                                         ; On                 ; On                 ;
; Infer RAMs from Raw Logic                                                       ; On                 ; On                 ;
; Parallel Synthesis                                                              ; On                 ; On                 ;
; DSP Block Balancing                                                             ; Auto               ; Auto               ;
; NOT Gate Push-Back                                                              ; On                 ; On                 ;
; Power-Up Don't Care                                                             ; On                 ; On                 ;
; Remove Redundant Logic Cells                                                    ; Off                ; Off                ;
; Remove Duplicate Registers                                                      ; On                 ; On                 ;
; Ignore CARRY Buffers                                                            ; Off                ; Off                ;
; Ignore CASCADE Buffers                                                          ; Off                ; Off                ;
; Ignore GLOBAL Buffers                                                           ; Off                ; Off                ;
; Ignore ROW GLOBAL Buffers                                                       ; Off                ; Off                ;
; Ignore LCELL Buffers                                                            ; Off                ; Off                ;
; Ignore SOFT Buffers                                                             ; On                 ; On                 ;
; Limit AHDL Integers to 32 Bits                                                  ; Off                ; Off                ;
; Optimization Technique                                                          ; Balanced           ; Balanced           ;
; Carry Chain Length                                                              ; 70                 ; 70                 ;
; Auto Carry Chains                                                               ; On                 ; On                 ;
; Auto Open-Drain Pins                                                            ; On                 ; On                 ;
; Perform WYSIWYG Primitive Resynthesis                                           ; Off                ; Off                ;
; Auto ROM Replacement                                                            ; On                 ; On                 ;
; Auto RAM Replacement                                                            ; On                 ; On                 ;
; Auto DSP Block Replacement                                                      ; On                 ; On                 ;
; Auto Shift Register Replacement                                                 ; Auto               ; Auto               ;
; Allow Shift Register Merging across Hierarchies                                 ; Auto               ; Auto               ;
; Auto Clock Enable Replacement                                                   ; On                 ; On                 ;
; Strict RAM Replacement                                                          ; Off                ; Off                ;
; Allow Synchronous Control Signals                                               ; On                 ; On                 ;
; Force Use of Synchronous Clear Signals                                          ; Off                ; Off                ;
; Auto Resource Sharing                                                           ; Off                ; Off                ;
; Allow Any RAM Size For Recognition                                              ; Off                ; Off                ;
; Allow Any ROM Size For Recognition                                              ; Off                ; Off                ;
; Allow Any Shift Register Size For Recognition                                   ; Off                ; Off                ;
; Use LogicLock Constraints during Resource Balancing                             ; On                 ; On                 ;
; Ignore translate_off and synthesis_off directives                               ; Off                ; Off                ;
; Timing-Driven Synthesis                                                         ; On                 ; On                 ;
; Report Parameter Settings                                                       ; On                 ; On                 ;
; Report Source Assignments                                                       ; On                 ; On                 ;
; Report Connectivity Checks                                                      ; On                 ; On                 ;
; Ignore Maximum Fan-Out Assignments                                              ; Off                ; Off                ;
; Synchronization Register Chain Length                                           ; 3                  ; 3                  ;
; Power Optimization During Synthesis                                             ; Normal compilation ; Normal compilation ;
; HDL message level                                                               ; Level2             ; Level2             ;
; Suppress Register Optimization Related Messages                                 ; Off                ; Off                ;
; Number of Removed Registers Reported in Synthesis Report                        ; 5000               ; 5000               ;
; Number of Swept Nodes Reported in Synthesis Report                              ; 5000               ; 5000               ;
; Number of Inverted Registers Reported in Synthesis Report                       ; 100                ; 100                ;
; Clock MUX Protection                                                            ; On                 ; On                 ;
; Auto Gated Clock Conversion                                                     ; Off                ; Off                ;
; Block Design Naming                                                             ; Auto               ; Auto               ;
; SDC constraint protection                                                       ; Off                ; Off                ;
; Synthesis Effort                                                                ; Auto               ; Auto               ;
; Shift Register Replacement - Allow Asynchronous Clear Signal                    ; On                 ; On                 ;
; Pre-Mapping Resynthesis Optimization                                            ; Off                ; Off                ;
; Analysis & Synthesis Message Level                                              ; Medium             ; Medium             ;
; Disable Register Merging Across Hierarchies                                     ; Auto               ; Auto               ;
; Resource Aware Inference For Block RAM                                          ; On                 ; On                 ;
; Automatic Parallel Synthesis                                                    ; On                 ; On                 ;
; Partial Reconfiguration Bitstream ID                                            ; Off                ; Off                ;
+---------------------------------------------------------------------------------+--------------------+--------------------+


+------------------------------------------+
; Parallel Compilation                     ;
+----------------------------+-------------+
; Processors                 ; Number      ;
+----------------------------+-------------+
; Number detected on machine ; 8           ;
; Maximum allowed            ; 4           ;
;                            ;             ;
; Average used               ; 1.00        ;
; Maximum used               ; 4           ;
;                            ;             ;
; Usage by Processor         ; % Time Used ;
;     Processor 1            ; 100.0%      ;
;     Processors 2-4         ;   0.0%      ;
+----------------------------+-------------+


+--------------------------------------------------------------------------------------------------------------------------------------------------------------------------------------------------------+
; Analysis & Synthesis Source Files Read                                                                                                                                                                 ;
+----------------------------------+-----------------+-----------------+-----------------------------------------------------------------------------------------------------------------------+---------+
; File Name with User-Entered Path ; Used in Netlist ; File Type       ; File Name with Absolute Path                                                                                          ; Library ;
+----------------------------------+-----------------+-----------------+-----------------------------------------------------------------------------------------------------------------------+---------+
; ULASomaSub.vhd                   ; yes             ; User VHDL File  ; C:/Users/nicol/Desktop/insper/6_semestre/descomp/design_computadores/aulas/aula08_completa/ULASomaSub.vhd             ;         ;
; somaConstante.vhd                ; yes             ; User VHDL File  ; C:/Users/nicol/Desktop/insper/6_semestre/descomp/design_computadores/aulas/aula08_completa/somaConstante.vhd          ;         ;
; registradorGenerico.vhd          ; yes             ; User VHDL File  ; C:/Users/nicol/Desktop/insper/6_semestre/descomp/design_computadores/aulas/aula08_completa/registradorGenerico.vhd    ;         ;
; muxGenerico4x1.vhd               ; yes             ; User VHDL File  ; C:/Users/nicol/Desktop/insper/6_semestre/descomp/design_computadores/aulas/aula08_completa/muxGenerico4x1.vhd         ;         ;
; muxGenerico2x1.vhd               ; yes             ; User VHDL File  ; C:/Users/nicol/Desktop/insper/6_semestre/descomp/design_computadores/aulas/aula08_completa/muxGenerico2x1.vhd         ;         ;
; memoriaROM.vhd                   ; yes             ; User VHDL File  ; C:/Users/nicol/Desktop/insper/6_semestre/descomp/design_computadores/aulas/aula08_completa/memoriaROM.vhd             ;         ;
; memoriaRAM.vhd                   ; yes             ; User VHDL File  ; C:/Users/nicol/Desktop/insper/6_semestre/descomp/design_computadores/aulas/aula08_completa/memoriaRAM.vhd             ;         ;
; logicaLED.vhd                    ; yes             ; User VHDL File  ; C:/Users/nicol/Desktop/insper/6_semestre/descomp/design_computadores/aulas/aula08_completa/logicaLED.vhd              ;         ;
; logicaDisplay.vhd                ; yes             ; User VHDL File  ; C:/Users/nicol/Desktop/insper/6_semestre/descomp/design_computadores/aulas/aula08_completa/logicaDisplay.vhd          ;         ;
; logicaDesvio.vhd                 ; yes             ; User VHDL File  ; C:/Users/nicol/Desktop/insper/6_semestre/descomp/design_computadores/aulas/aula08_completa/logicaDesvio.vhd           ;         ;
; flipFlop.vhd                     ; yes             ; User VHDL File  ; C:/Users/nicol/Desktop/insper/6_semestre/descomp/design_computadores/aulas/aula08_completa/flipFlop.vhd               ;         ;
; display7Seg.vhd                  ; yes             ; User VHDL File  ; C:/Users/nicol/Desktop/insper/6_semestre/descomp/design_computadores/aulas/aula08_completa/display7Seg.vhd            ;         ;
; decoderGeneric.vhd               ; yes             ; User VHDL File  ; C:/Users/nicol/Desktop/insper/6_semestre/descomp/design_computadores/aulas/aula08_completa/decoderGeneric.vhd         ;         ;
; decoder3x8.vhd                   ; yes             ; User VHDL File  ; C:/Users/nicol/Desktop/insper/6_semestre/descomp/design_computadores/aulas/aula08_completa/decoder3x8.vhd             ;         ;
; CPU.vhd                          ; yes             ; User VHDL File  ; C:/Users/nicol/Desktop/insper/6_semestre/descomp/design_computadores/aulas/aula08_completa/CPU.vhd                    ;         ;
; conversorHex7Seg.vhd             ; yes             ; User VHDL File  ; C:/Users/nicol/Desktop/insper/6_semestre/descomp/design_computadores/aulas/aula08_completa/conversorHex7Seg.vhd       ;         ;
; Aula08.vhd                       ; yes             ; User VHDL File  ; C:/Users/nicol/Desktop/insper/6_semestre/descomp/design_computadores/aulas/aula08_completa/Aula08.vhd                 ;         ;
; buffer_3_state_8portas.vhd       ; yes             ; User VHDL File  ; C:/Users/nicol/Desktop/insper/6_semestre/descomp/design_computadores/aulas/aula08_completa/buffer_3_state_8portas.vhd ;         ;
; logicaSW.vhd                     ; yes             ; User VHDL File  ; C:/Users/nicol/Desktop/insper/6_semestre/descomp/design_computadores/aulas/aula08_completa/logicaSW.vhd               ;         ;
; buffer_3_state.vhd               ; yes             ; User VHDL File  ; C:/Users/nicol/Desktop/insper/6_semestre/descomp/design_computadores/aulas/aula08_completa/buffer_3_state.vhd         ;         ;
; logicaKey.vhd                    ; yes             ; User VHDL File  ; C:/Users/nicol/Desktop/insper/6_semestre/descomp/design_computadores/aulas/aula08_completa/logicaKey.vhd              ;         ;
+----------------------------------+-----------------+-----------------+-----------------------------------------------------------------------------------------------------------------------+---------+


+-----------------------------------------------------------+
; Analysis & Synthesis Resource Usage Summary               ;
+---------------------------------------------+-------------+
; Resource                                    ; Usage       ;
+---------------------------------------------+-------------+
; Estimate of Logic utilization (ALMs needed) ; 66          ;
;                                             ;             ;
; Combinational ALUT usage for logic          ; 116         ;
;     -- 7 input functions                    ; 1           ;
;     -- 6 input functions                    ; 4           ;
;     -- 5 input functions                    ; 11          ;
;     -- 4 input functions                    ; 62          ;
;     -- <=3 input functions                  ; 38          ;
;                                             ;             ;
; Dedicated logic registers                   ; 51          ;
;                                             ;             ;
; I/O pins                                    ; 68          ;
;                                             ;             ;
; Total DSP Blocks                            ; 0           ;
;                                             ;             ;
; Maximum fan-out node                        ; CLOCK~input ;
; Maximum fan-out                             ; 51          ;
; Total fan-out                               ; 714         ;
; Average fan-out                             ; 2.36        ;
+---------------------------------------------+-------------+


+--------------------------------------------------------------------------------------------------------------------------------------------------------------------------------------------------------------------------------------------------------------------------------+
; Analysis & Synthesis Resource Utilization by Entity                                                                                                                                                                                                                            ;
+-----------------------------------------+---------------------+---------------------------+-------------------+------------+------+--------------+----------------------------------------------------------------------------------------+---------------------+--------------+
; Compilation Hierarchy Node              ; Combinational ALUTs ; Dedicated Logic Registers ; Block Memory Bits ; DSP Blocks ; Pins ; Virtual Pins ; Full Hierarchy Name                                                                    ; Entity Name         ; Library Name ;
+-----------------------------------------+---------------------+---------------------------+-------------------+------------+------+--------------+----------------------------------------------------------------------------------------+---------------------+--------------+
; |Aula08                                 ; 116 (8)             ; 51 (0)                    ; 0                 ; 0          ; 68   ; 0            ; |Aula08                                                                                ; Aula08              ; work         ;
;    |CPU:CPU|                            ; 43 (0)              ; 17 (0)                    ; 0                 ; 0          ; 0    ; 0            ; |Aula08|CPU:CPU                                                                        ; CPU                 ; work         ;
;       |ULASomaSub:ULA1|                 ; 25 (25)             ; 0 (0)                     ; 0                 ; 0          ; 0    ; 0            ; |Aula08|CPU:CPU|ULASomaSub:ULA1                                                        ; ULASomaSub          ; work         ;
;       |decoderGeneric:DECODER|          ; 3 (3)               ; 0 (0)                     ; 0                 ; 0          ; 0    ; 0            ; |Aula08|CPU:CPU|decoderGeneric:DECODER                                                 ; decoderGeneric      ; work         ;
;       |muxGenerico4x1:MUX2|             ; 6 (6)               ; 0 (0)                     ; 0                 ; 0          ; 0    ; 0            ; |Aula08|CPU:CPU|muxGenerico4x1:MUX2                                                    ; muxGenerico4x1      ; work         ;
;       |registradorGenerico:PC|          ; 0 (0)               ; 9 (9)                     ; 0                 ; 0          ; 0    ; 0            ; |Aula08|CPU:CPU|registradorGenerico:PC                                                 ; registradorGenerico ; work         ;
;       |registradorGenerico:REGA|        ; 0 (0)               ; 8 (8)                     ; 0                 ; 0          ; 0    ; 0            ; |Aula08|CPU:CPU|registradorGenerico:REGA                                               ; registradorGenerico ; work         ;
;       |somaConstante:incrementaPC|      ; 9 (9)               ; 0 (0)                     ; 0                 ; 0          ; 0    ; 0            ; |Aula08|CPU:CPU|somaConstante:incrementaPC                                             ; somaConstante       ; work         ;
;    |decoder3x8:DECODER_BLOCOS|          ; 1 (1)               ; 0 (0)                     ; 0                 ; 0          ; 0    ; 0            ; |Aula08|decoder3x8:DECODER_BLOCOS                                                      ; decoder3x8          ; work         ;
;    |logicaDisplay:LOGICADISPLAYS|       ; 52 (10)             ; 24 (0)                    ; 0                 ; 0          ; 0    ; 0            ; |Aula08|logicaDisplay:LOGICADISPLAYS                                                   ; logicaDisplay       ; work         ;
;       |display7Seg:DISPLAY0|            ; 7 (0)               ; 4 (0)                     ; 0                 ; 0          ; 0    ; 0            ; |Aula08|logicaDisplay:LOGICADISPLAYS|display7Seg:DISPLAY0                              ; display7Seg         ; work         ;
;          |conversorHex7Seg:DECODER7SEG| ; 7 (7)               ; 0 (0)                     ; 0                 ; 0          ; 0    ; 0            ; |Aula08|logicaDisplay:LOGICADISPLAYS|display7Seg:DISPLAY0|conversorHex7Seg:DECODER7SEG ; conversorHex7Seg    ; work         ;
;          |registradorGenerico:REG|      ; 0 (0)               ; 4 (4)                     ; 0                 ; 0          ; 0    ; 0            ; |Aula08|logicaDisplay:LOGICADISPLAYS|display7Seg:DISPLAY0|registradorGenerico:REG      ; registradorGenerico ; work         ;
;       |display7Seg:DISPLAY1|            ; 7 (0)               ; 4 (0)                     ; 0                 ; 0          ; 0    ; 0            ; |Aula08|logicaDisplay:LOGICADISPLAYS|display7Seg:DISPLAY1                              ; display7Seg         ; work         ;
;          |conversorHex7Seg:DECODER7SEG| ; 7 (7)               ; 0 (0)                     ; 0                 ; 0          ; 0    ; 0            ; |Aula08|logicaDisplay:LOGICADISPLAYS|display7Seg:DISPLAY1|conversorHex7Seg:DECODER7SEG ; conversorHex7Seg    ; work         ;
;          |registradorGenerico:REG|      ; 0 (0)               ; 4 (4)                     ; 0                 ; 0          ; 0    ; 0            ; |Aula08|logicaDisplay:LOGICADISPLAYS|display7Seg:DISPLAY1|registradorGenerico:REG      ; registradorGenerico ; work         ;
;       |display7Seg:DISPLAY2|            ; 7 (0)               ; 4 (0)                     ; 0                 ; 0          ; 0    ; 0            ; |Aula08|logicaDisplay:LOGICADISPLAYS|display7Seg:DISPLAY2                              ; display7Seg         ; work         ;
;          |conversorHex7Seg:DECODER7SEG| ; 7 (7)               ; 0 (0)                     ; 0                 ; 0          ; 0    ; 0            ; |Aula08|logicaDisplay:LOGICADISPLAYS|display7Seg:DISPLAY2|conversorHex7Seg:DECODER7SEG ; conversorHex7Seg    ; work         ;
;          |registradorGenerico:REG|      ; 0 (0)               ; 4 (4)                     ; 0                 ; 0          ; 0    ; 0            ; |Aula08|logicaDisplay:LOGICADISPLAYS|display7Seg:DISPLAY2|registradorGenerico:REG      ; registradorGenerico ; work         ;
;       |display7Seg:DISPLAY3|            ; 7 (0)               ; 4 (0)                     ; 0                 ; 0          ; 0    ; 0            ; |Aula08|logicaDisplay:LOGICADISPLAYS|display7Seg:DISPLAY3                              ; display7Seg         ; work         ;
;          |conversorHex7Seg:DECODER7SEG| ; 7 (7)               ; 0 (0)                     ; 0                 ; 0          ; 0    ; 0            ; |Aula08|logicaDisplay:LOGICADISPLAYS|display7Seg:DISPLAY3|conversorHex7Seg:DECODER7SEG ; conversorHex7Seg    ; work         ;
;          |registradorGenerico:REG|      ; 0 (0)               ; 4 (4)                     ; 0                 ; 0          ; 0    ; 0            ; |Aula08|logicaDisplay:LOGICADISPLAYS|display7Seg:DISPLAY3|registradorGenerico:REG      ; registradorGenerico ; work         ;
;       |display7Seg:DISPLAY4|            ; 7 (0)               ; 4 (0)                     ; 0                 ; 0          ; 0    ; 0            ; |Aula08|logicaDisplay:LOGICADISPLAYS|display7Seg:DISPLAY4                              ; display7Seg         ; work         ;
;          |conversorHex7Seg:DECODER7SEG| ; 7 (7)               ; 0 (0)                     ; 0                 ; 0          ; 0    ; 0            ; |Aula08|logicaDisplay:LOGICADISPLAYS|display7Seg:DISPLAY4|conversorHex7Seg:DECODER7SEG ; conversorHex7Seg    ; work         ;
;          |registradorGenerico:REG|      ; 0 (0)               ; 4 (4)                     ; 0                 ; 0          ; 0    ; 0            ; |Aula08|logicaDisplay:LOGICADISPLAYS|display7Seg:DISPLAY4|registradorGenerico:REG      ; registradorGenerico ; work         ;
;       |display7Seg:DISPLAY5|            ; 7 (0)               ; 4 (0)                     ; 0                 ; 0          ; 0    ; 0            ; |Aula08|logicaDisplay:LOGICADISPLAYS|display7Seg:DISPLAY5                              ; display7Seg         ; work         ;
;          |conversorHex7Seg:DECODER7SEG| ; 7 (7)               ; 0 (0)                     ; 0                 ; 0          ; 0    ; 0            ; |Aula08|logicaDisplay:LOGICADISPLAYS|display7Seg:DISPLAY5|conversorHex7Seg:DECODER7SEG ; conversorHex7Seg    ; work         ;
;          |registradorGenerico:REG|      ; 0 (0)               ; 4 (4)                     ; 0                 ; 0          ; 0    ; 0            ; |Aula08|logicaDisplay:LOGICADISPLAYS|display7Seg:DISPLAY5|registradorGenerico:REG      ; registradorGenerico ; work         ;
;    |logicaLED:LOGICALEDS|               ; 4 (2)               ; 10 (0)                    ; 0                 ; 0          ; 0    ; 0            ; |Aula08|logicaLED:LOGICALEDS                                                           ; logicaLED           ; work         ;
;       |flipFlop:REGLED8|                ; 1 (1)               ; 1 (1)                     ; 0                 ; 0          ; 0    ; 0            ; |Aula08|logicaLED:LOGICALEDS|flipFlop:REGLED8                                          ; flipFlop            ; work         ;
;       |flipFlop:REGLED9|                ; 1 (1)               ; 1 (1)                     ; 0                 ; 0          ; 0    ; 0            ; |Aula08|logicaLED:LOGICALEDS|flipFlop:REGLED9                                          ; flipFlop            ; work         ;
;       |registradorGenerico:REGLED0a7|   ; 0 (0)               ; 8 (8)                     ; 0                 ; 0          ; 0    ; 0            ; |Aula08|logicaLED:LOGICALEDS|registradorGenerico:REGLED0a7                             ; registradorGenerico ; work         ;
;    |memoriaROM:ROM|                     ; 8 (8)               ; 0 (0)                     ; 0                 ; 0          ; 0    ; 0            ; |Aula08|memoriaROM:ROM                                                                 ; memoriaROM          ; work         ;
+-----------------------------------------+---------------------+---------------------------+-------------------+------------+------+--------------+----------------------------------------------------------------------------------------+---------------------+--------------+
Note: For table entries with two numbers listed, the numbers in parentheses indicate the number of resources of the given type used by the specific entity alone. The numbers listed outside of parentheses indicate the total resources of the given type used by the specific entity and all of its sub-entities in the hierarchy.


+---------------------------------------------------------------------------------------------+
; Registers Removed During Synthesis                                                          ;
+-----------------------------------------------+---------------------------------------------+
; Register name                                 ; Reason for Removal                          ;
+-----------------------------------------------+---------------------------------------------+
; CPU:CPU|registradorGenerico:ENDRET|DOUT[0]    ; Stuck at GND due to stuck port clock_enable ;
; CPU:CPU|flipFlop:FLAG|DOUT                    ; Stuck at GND due to stuck port clock_enable ;
; CPU:CPU|registradorGenerico:ENDRET|DOUT[1..8] ; Stuck at GND due to stuck port clock_enable ;
; Total Number of Removed Registers = 10        ;                                             ;
+-----------------------------------------------+---------------------------------------------+


+------------------------------------------------------+
; General Register Statistics                          ;
+----------------------------------------------+-------+
; Statistic                                    ; Value ;
+----------------------------------------------+-------+
; Total registers                              ; 51    ;
; Number of registers using Synchronous Clear  ; 0     ;
; Number of registers using Synchronous Load   ; 8     ;
; Number of registers using Asynchronous Clear ; 0     ;
; Number of registers using Asynchronous Load  ; 0     ;
; Number of registers using Clock Enable       ; 40    ;
; Number of registers using Preset             ; 0     ;
+----------------------------------------------+-------+


+----------------------------------------------------------------------------------------------------------------------------------------------------------------+
; Multiplexer Restructuring Statistics (Restructuring Performed)                                                                                                 ;
+--------------------+-----------+---------------+----------------------+------------------------+------------+--------------------------------------------------+
; Multiplexer Inputs ; Bus Width ; Baseline Area ; Area if Restructured ; Saving if Restructured ; Registered ; Example Multiplexer Output                       ;
+--------------------+-----------+---------------+----------------------+------------------------+------------+--------------------------------------------------+
; 3:1                ; 8 bits    ; 16 LEs        ; 16 LEs               ; 0 LEs                  ; Yes        ; |Aula08|CPU:CPU|registradorGenerico:REGA|DOUT[1] ;
; 3:1                ; 3 bits    ; 6 LEs         ; 6 LEs                ; 0 LEs                  ; No         ; |Aula08|CPU:CPU|muxGenerico2x1:MUX1|saida_MUX[3] ;
; 3:1                ; 4 bits    ; 8 LEs         ; 8 LEs                ; 0 LEs                  ; No         ; |Aula08|CPU:CPU|muxGenerico2x1:MUX1|saida_MUX[5] ;
+--------------------+-----------+---------------+----------------------+------------------------+------------+--------------------------------------------------+


+------------------------------------------------------------------------+
; Parameter Settings for User Entity Instance: Top-level Entity: |Aula08 ;
+------------------+-------+---------------------------------------------+
; Parameter Name   ; Value ; Type                                        ;
+------------------+-------+---------------------------------------------+
; larguraDados     ; 8     ; Signed Integer                              ;
; larguraEnderecos ; 9     ; Signed Integer                              ;
; larguraInstrucao ; 13    ; Signed Integer                              ;
; simulacao        ; true  ; Enumerated                                  ;
+------------------+-------+---------------------------------------------+
Note: In order to hide this table in the UI and the text report file, please set the "Show Parameter Settings in Synthesis Report" option in "Analysis and Synthesis Settings -> More Settings" to "Off".


+------------------------------------------------------+
; Parameter Settings for User Entity Instance: CPU:CPU ;
+------------------+-------+---------------------------+
; Parameter Name   ; Value ; Type                      ;
+------------------+-------+---------------------------+
; larguradados     ; 8     ; Signed Integer            ;
; larguraenderecos ; 9     ; Signed Integer            ;
; largurainstrucao ; 13    ; Signed Integer            ;
+------------------+-------+---------------------------+
Note: In order to hide this table in the UI and the text report file, please set the "Show Parameter Settings in Synthesis Report" option in "Analysis and Synthesis Settings -> More Settings" to "Off".


+--------------------------------------------------------------------------+
; Parameter Settings for User Entity Instance: CPU:CPU|muxGenerico2x1:MUX1 ;
+----------------+-------+-------------------------------------------------+
; Parameter Name ; Value ; Type                                            ;
+----------------+-------+-------------------------------------------------+
; larguradados   ; 8     ; Signed Integer                                  ;
+----------------+-------+-------------------------------------------------+
Note: In order to hide this table in the UI and the text report file, please set the "Show Parameter Settings in Synthesis Report" option in "Analysis and Synthesis Settings -> More Settings" to "Off".


+--------------------------------------------------------------------------+
; Parameter Settings for User Entity Instance: CPU:CPU|muxGenerico4x1:MUX2 ;
+----------------+-------+-------------------------------------------------+
; Parameter Name ; Value ; Type                                            ;
+----------------+-------+-------------------------------------------------+
; larguradados   ; 9     ; Signed Integer                                  ;
+----------------+-------+-------------------------------------------------+
Note: In order to hide this table in the UI and the text report file, please set the "Show Parameter Settings in Synthesis Report" option in "Analysis and Synthesis Settings -> More Settings" to "Off".


+-------------------------------------------------------------------------------+
; Parameter Settings for User Entity Instance: CPU:CPU|registradorGenerico:REGA ;
+----------------+-------+------------------------------------------------------+
; Parameter Name ; Value ; Type                                                 ;
+----------------+-------+------------------------------------------------------+
; larguradados   ; 8     ; Signed Integer                                       ;
+----------------+-------+------------------------------------------------------+
Note: In order to hide this table in the UI and the text report file, please set the "Show Parameter Settings in Synthesis Report" option in "Analysis and Synthesis Settings -> More Settings" to "Off".


+---------------------------------------------------------------------------------+
; Parameter Settings for User Entity Instance: CPU:CPU|registradorGenerico:ENDRET ;
+----------------+-------+--------------------------------------------------------+
; Parameter Name ; Value ; Type                                                   ;
+----------------+-------+--------------------------------------------------------+
; larguradados   ; 9     ; Signed Integer                                         ;
+----------------+-------+--------------------------------------------------------+
Note: In order to hide this table in the UI and the text report file, please set the "Show Parameter Settings in Synthesis Report" option in "Analysis and Synthesis Settings -> More Settings" to "Off".


+--------------------------------------------------------------------+
; Parameter Settings for User Entity Instance: CPU:CPU|flipFlop:FLAG ;
+----------------+-------+-------------------------------------------+
; Parameter Name ; Value ; Type                                      ;
+----------------+-------+-------------------------------------------+
; larguradados   ; 8     ; Signed Integer                            ;
+----------------+-------+-------------------------------------------+
Note: In order to hide this table in the UI and the text report file, please set the "Show Parameter Settings in Synthesis Report" option in "Analysis and Synthesis Settings -> More Settings" to "Off".


+-----------------------------------------------------------------------------+
; Parameter Settings for User Entity Instance: CPU:CPU|registradorGenerico:PC ;
+----------------+-------+----------------------------------------------------+
; Parameter Name ; Value ; Type                                               ;
+----------------+-------+----------------------------------------------------+
; larguradados   ; 9     ; Signed Integer                                     ;
+----------------+-------+----------------------------------------------------+
Note: In order to hide this table in the UI and the text report file, please set the "Show Parameter Settings in Synthesis Report" option in "Analysis and Synthesis Settings -> More Settings" to "Off".


+---------------------------------------------------------------------------------+
; Parameter Settings for User Entity Instance: CPU:CPU|somaConstante:incrementaPC ;
+----------------+-------+--------------------------------------------------------+
; Parameter Name ; Value ; Type                                                   ;
+----------------+-------+--------------------------------------------------------+
; larguradados   ; 9     ; Signed Integer                                         ;
; constante      ; 1     ; Signed Integer                                         ;
+----------------+-------+--------------------------------------------------------+
Note: In order to hide this table in the UI and the text report file, please set the "Show Parameter Settings in Synthesis Report" option in "Analysis and Synthesis Settings -> More Settings" to "Off".


+----------------------------------------------------------------------+
; Parameter Settings for User Entity Instance: CPU:CPU|ULASomaSub:ULA1 ;
+----------------+-------+---------------------------------------------+
; Parameter Name ; Value ; Type                                        ;
+----------------+-------+---------------------------------------------+
; larguradados   ; 8     ; Signed Integer                              ;
+----------------+-------+---------------------------------------------+
Note: In order to hide this table in the UI and the text report file, please set the "Show Parameter Settings in Synthesis Report" option in "Analysis and Synthesis Settings -> More Settings" to "Off".


+-------------------------------------------------------------+
; Parameter Settings for User Entity Instance: memoriaROM:ROM ;
+----------------+-------+------------------------------------+
; Parameter Name ; Value ; Type                               ;
+----------------+-------+------------------------------------+
; datawidth      ; 13    ; Signed Integer                     ;
; addrwidth      ; 9     ; Signed Integer                     ;
+----------------+-------+------------------------------------+
Note: In order to hide this table in the UI and the text report file, please set the "Show Parameter Settings in Synthesis Report" option in "Analysis and Synthesis Settings -> More Settings" to "Off".


+-------------------------------------------------------------+
; Parameter Settings for User Entity Instance: memoriaRAM:RAM ;
+----------------+-------+------------------------------------+
; Parameter Name ; Value ; Type                               ;
+----------------+-------+------------------------------------+
; datawidth      ; 8     ; Signed Integer                     ;
; addrwidth      ; 6     ; Signed Integer                     ;
+----------------+-------+------------------------------------+
Note: In order to hide this table in the UI and the text report file, please set the "Show Parameter Settings in Synthesis Report" option in "Analysis and Synthesis Settings -> More Settings" to "Off".


+-------------------------------------------------------------------+
; Parameter Settings for User Entity Instance: logicaLED:LOGICALEDS ;
+----------------+-------+------------------------------------------+
; Parameter Name ; Value ; Type                                     ;
+----------------+-------+------------------------------------------+
; larguradados   ; 8     ; Signed Integer                           ;
+----------------+-------+------------------------------------------+
Note: In order to hide this table in the UI and the text report file, please set the "Show Parameter Settings in Synthesis Report" option in "Analysis and Synthesis Settings -> More Settings" to "Off".


+------------------------------------------------------------------------------------+
; Parameter Settings for User Entity Instance: logicaLED:LOGICALEDS|flipFlop:REGLED9 ;
+----------------+-------+-----------------------------------------------------------+
; Parameter Name ; Value ; Type                                                      ;
+----------------+-------+-----------------------------------------------------------+
; larguradados   ; 8     ; Signed Integer                                            ;
+----------------+-------+-----------------------------------------------------------+
Note: In order to hide this table in the UI and the text report file, please set the "Show Parameter Settings in Synthesis Report" option in "Analysis and Synthesis Settings -> More Settings" to "Off".


+------------------------------------------------------------------------------------+
; Parameter Settings for User Entity Instance: logicaLED:LOGICALEDS|flipFlop:REGLED8 ;
+----------------+-------+-----------------------------------------------------------+
; Parameter Name ; Value ; Type                                                      ;
+----------------+-------+-----------------------------------------------------------+
; larguradados   ; 8     ; Signed Integer                                            ;
+----------------+-------+-----------------------------------------------------------+
Note: In order to hide this table in the UI and the text report file, please set the "Show Parameter Settings in Synthesis Report" option in "Analysis and Synthesis Settings -> More Settings" to "Off".


+-------------------------------------------------------------------------------------------------+
; Parameter Settings for User Entity Instance: logicaLED:LOGICALEDS|registradorGenerico:REGLED0a7 ;
+----------------+-------+------------------------------------------------------------------------+
; Parameter Name ; Value ; Type                                                                   ;
+----------------+-------+------------------------------------------------------------------------+
; larguradados   ; 8     ; Signed Integer                                                         ;
+----------------+-------+------------------------------------------------------------------------+
Note: In order to hide this table in the UI and the text report file, please set the "Show Parameter Settings in Synthesis Report" option in "Analysis and Synthesis Settings -> More Settings" to "Off".


+---------------------------------------------------------------------------+
; Parameter Settings for User Entity Instance: logicaDisplay:LOGICADISPLAYS ;
+----------------+-------+--------------------------------------------------+
; Parameter Name ; Value ; Type                                             ;
+----------------+-------+--------------------------------------------------+
; larguradados   ; 4     ; Signed Integer                                   ;
+----------------+-------+--------------------------------------------------+
Note: In order to hide this table in the UI and the text report file, please set the "Show Parameter Settings in Synthesis Report" option in "Analysis and Synthesis Settings -> More Settings" to "Off".


+------------------------------------------------------------------------------------------------+
; Parameter Settings for User Entity Instance: logicaDisplay:LOGICADISPLAYS|display7Seg:DISPLAY0 ;
+----------------+-------+-----------------------------------------------------------------------+
; Parameter Name ; Value ; Type                                                                  ;
+----------------+-------+-----------------------------------------------------------------------+
; larguradados   ; 4     ; Signed Integer                                                        ;
+----------------+-------+-----------------------------------------------------------------------+
Note: In order to hide this table in the UI and the text report file, please set the "Show Parameter Settings in Synthesis Report" option in "Analysis and Synthesis Settings -> More Settings" to "Off".


+------------------------------------------------------------------------------------------------------------------------+
; Parameter Settings for User Entity Instance: logicaDisplay:LOGICADISPLAYS|display7Seg:DISPLAY0|registradorGenerico:REG ;
+----------------+-------+-----------------------------------------------------------------------------------------------+
; Parameter Name ; Value ; Type                                                                                          ;
+----------------+-------+-----------------------------------------------------------------------------------------------+
; larguradados   ; 4     ; Signed Integer                                                                                ;
+----------------+-------+-----------------------------------------------------------------------------------------------+
Note: In order to hide this table in the UI and the text report file, please set the "Show Parameter Settings in Synthesis Report" option in "Analysis and Synthesis Settings -> More Settings" to "Off".


+------------------------------------------------------------------------------------------------+
; Parameter Settings for User Entity Instance: logicaDisplay:LOGICADISPLAYS|display7Seg:DISPLAY1 ;
+----------------+-------+-----------------------------------------------------------------------+
; Parameter Name ; Value ; Type                                                                  ;
+----------------+-------+-----------------------------------------------------------------------+
; larguradados   ; 4     ; Signed Integer                                                        ;
+----------------+-------+-----------------------------------------------------------------------+
Note: In order to hide this table in the UI and the text report file, please set the "Show Parameter Settings in Synthesis Report" option in "Analysis and Synthesis Settings -> More Settings" to "Off".


+------------------------------------------------------------------------------------------------------------------------+
; Parameter Settings for User Entity Instance: logicaDisplay:LOGICADISPLAYS|display7Seg:DISPLAY1|registradorGenerico:REG ;
+----------------+-------+-----------------------------------------------------------------------------------------------+
; Parameter Name ; Value ; Type                                                                                          ;
+----------------+-------+-----------------------------------------------------------------------------------------------+
; larguradados   ; 4     ; Signed Integer                                                                                ;
+----------------+-------+-----------------------------------------------------------------------------------------------+
Note: In order to hide this table in the UI and the text report file, please set the "Show Parameter Settings in Synthesis Report" option in "Analysis and Synthesis Settings -> More Settings" to "Off".


+------------------------------------------------------------------------------------------------+
; Parameter Settings for User Entity Instance: logicaDisplay:LOGICADISPLAYS|display7Seg:DISPLAY2 ;
+----------------+-------+-----------------------------------------------------------------------+
; Parameter Name ; Value ; Type                                                                  ;
+----------------+-------+-----------------------------------------------------------------------+
; larguradados   ; 4     ; Signed Integer                                                        ;
+----------------+-------+-----------------------------------------------------------------------+
Note: In order to hide this table in the UI and the text report file, please set the "Show Parameter Settings in Synthesis Report" option in "Analysis and Synthesis Settings -> More Settings" to "Off".


+------------------------------------------------------------------------------------------------------------------------+
; Parameter Settings for User Entity Instance: logicaDisplay:LOGICADISPLAYS|display7Seg:DISPLAY2|registradorGenerico:REG ;
+----------------+-------+-----------------------------------------------------------------------------------------------+
; Parameter Name ; Value ; Type                                                                                          ;
+----------------+-------+-----------------------------------------------------------------------------------------------+
; larguradados   ; 4     ; Signed Integer                                                                                ;
+----------------+-------+-----------------------------------------------------------------------------------------------+
Note: In order to hide this table in the UI and the text report file, please set the "Show Parameter Settings in Synthesis Report" option in "Analysis and Synthesis Settings -> More Settings" to "Off".


+------------------------------------------------------------------------------------------------+
; Parameter Settings for User Entity Instance: logicaDisplay:LOGICADISPLAYS|display7Seg:DISPLAY3 ;
+----------------+-------+-----------------------------------------------------------------------+
; Parameter Name ; Value ; Type                                                                  ;
+----------------+-------+-----------------------------------------------------------------------+
; larguradados   ; 4     ; Signed Integer                                                        ;
+----------------+-------+-----------------------------------------------------------------------+
Note: In order to hide this table in the UI and the text report file, please set the "Show Parameter Settings in Synthesis Report" option in "Analysis and Synthesis Settings -> More Settings" to "Off".


+------------------------------------------------------------------------------------------------------------------------+
; Parameter Settings for User Entity Instance: logicaDisplay:LOGICADISPLAYS|display7Seg:DISPLAY3|registradorGenerico:REG ;
+----------------+-------+-----------------------------------------------------------------------------------------------+
; Parameter Name ; Value ; Type                                                                                          ;
+----------------+-------+-----------------------------------------------------------------------------------------------+
; larguradados   ; 4     ; Signed Integer                                                                                ;
+----------------+-------+-----------------------------------------------------------------------------------------------+
Note: In order to hide this table in the UI and the text report file, please set the "Show Parameter Settings in Synthesis Report" option in "Analysis and Synthesis Settings -> More Settings" to "Off".


+------------------------------------------------------------------------------------------------+
; Parameter Settings for User Entity Instance: logicaDisplay:LOGICADISPLAYS|display7Seg:DISPLAY4 ;
+----------------+-------+-----------------------------------------------------------------------+
; Parameter Name ; Value ; Type                                                                  ;
+----------------+-------+-----------------------------------------------------------------------+
; larguradados   ; 4     ; Signed Integer                                                        ;
+----------------+-------+-----------------------------------------------------------------------+
Note: In order to hide this table in the UI and the text report file, please set the "Show Parameter Settings in Synthesis Report" option in "Analysis and Synthesis Settings -> More Settings" to "Off".


+------------------------------------------------------------------------------------------------------------------------+
; Parameter Settings for User Entity Instance: logicaDisplay:LOGICADISPLAYS|display7Seg:DISPLAY4|registradorGenerico:REG ;
+----------------+-------+-----------------------------------------------------------------------------------------------+
; Parameter Name ; Value ; Type                                                                                          ;
+----------------+-------+-----------------------------------------------------------------------------------------------+
; larguradados   ; 4     ; Signed Integer                                                                                ;
+----------------+-------+-----------------------------------------------------------------------------------------------+
Note: In order to hide this table in the UI and the text report file, please set the "Show Parameter Settings in Synthesis Report" option in "Analysis and Synthesis Settings -> More Settings" to "Off".


+------------------------------------------------------------------------------------------------+
; Parameter Settings for User Entity Instance: logicaDisplay:LOGICADISPLAYS|display7Seg:DISPLAY5 ;
+----------------+-------+-----------------------------------------------------------------------+
; Parameter Name ; Value ; Type                                                                  ;
+----------------+-------+-----------------------------------------------------------------------+
; larguradados   ; 4     ; Signed Integer                                                        ;
+----------------+-------+-----------------------------------------------------------------------+
Note: In order to hide this table in the UI and the text report file, please set the "Show Parameter Settings in Synthesis Report" option in "Analysis and Synthesis Settings -> More Settings" to "Off".


+------------------------------------------------------------------------------------------------------------------------+
; Parameter Settings for User Entity Instance: logicaDisplay:LOGICADISPLAYS|display7Seg:DISPLAY5|registradorGenerico:REG ;
+----------------+-------+-----------------------------------------------------------------------------------------------+
; Parameter Name ; Value ; Type                                                                                          ;
+----------------+-------+-----------------------------------------------------------------------------------------------+
; larguradados   ; 4     ; Signed Integer                                                                                ;
+----------------+-------+-----------------------------------------------------------------------------------------------+
Note: In order to hide this table in the UI and the text report file, please set the "Show Parameter Settings in Synthesis Report" option in "Analysis and Synthesis Settings -> More Settings" to "Off".


+------------------------------------------------------------------------------------------------------------+
; Port Connectivity Checks: "logicaDisplay:LOGICADISPLAYS|display7Seg:DISPLAY0|conversorHex7Seg:DECODER7SEG" ;
+----------+-------+----------+------------------------------------------------------------------------------+
; Port     ; Type  ; Severity ; Details                                                                      ;
+----------+-------+----------+------------------------------------------------------------------------------+
; apaga    ; Input ; Info     ; Stuck at GND                                                                 ;
; negativo ; Input ; Info     ; Stuck at GND                                                                 ;
; overflow ; Input ; Info     ; Stuck at GND                                                                 ;
+----------+-------+----------+------------------------------------------------------------------------------+


+-------------------------------------------------------------------------------------------------------+
; Port Connectivity Checks: "logicaDisplay:LOGICADISPLAYS|display7Seg:DISPLAY0|registradorGenerico:REG" ;
+------+-------+----------+-----------------------------------------------------------------------------+
; Port ; Type  ; Severity ; Details                                                                     ;
+------+-------+----------+-----------------------------------------------------------------------------+
; rst  ; Input ; Info     ; Stuck at GND                                                                ;
+------+-------+----------+-----------------------------------------------------------------------------+


+--------------------------------------------------------------------------------+
; Port Connectivity Checks: "logicaLED:LOGICALEDS|registradorGenerico:REGLED0a7" ;
+------+-------+----------+------------------------------------------------------+
; Port ; Type  ; Severity ; Details                                              ;
+------+-------+----------+------------------------------------------------------+
; rst  ; Input ; Info     ; Stuck at GND                                         ;
+------+-------+----------+------------------------------------------------------+


+-------------------------------------------------------------------+
; Port Connectivity Checks: "logicaLED:LOGICALEDS|flipFlop:REGLED8" ;
+------+-------+----------+-----------------------------------------+
; Port ; Type  ; Severity ; Details                                 ;
+------+-------+----------+-----------------------------------------+
; rst  ; Input ; Info     ; Stuck at GND                            ;
+------+-------+----------+-----------------------------------------+


+-------------------------------------------------------------------+
; Port Connectivity Checks: "logicaLED:LOGICALEDS|flipFlop:REGLED9" ;
+------+-------+----------+-----------------------------------------+
; Port ; Type  ; Severity ; Details                                 ;
+------+-------+----------+-----------------------------------------+
; rst  ; Input ; Info     ; Stuck at GND                            ;
+------+-------+----------+-----------------------------------------+


+-----------------------------------------------------------------------------------------------------------------------+
; Port Connectivity Checks: "decoder3x8:DECODER_ENDERECOS"                                                              ;
+-------------+--------+----------+-------------------------------------------------------------------------------------+
; Port        ; Type   ; Severity ; Details                                                                             ;
+-------------+--------+----------+-------------------------------------------------------------------------------------+
; saida[7..6] ; Output ; Info     ; Connected to dangling logic. Logic that only feeds a dangling port will be removed. ;
+-------------+--------+----------+-------------------------------------------------------------------------------------+


+-----------------------------------------------------------------------------------------------------------------------+
; Port Connectivity Checks: "decoder3x8:DECODER_BLOCOS"                                                                 ;
+-------------+--------+----------+-------------------------------------------------------------------------------------+
; Port        ; Type   ; Severity ; Details                                                                             ;
+-------------+--------+----------+-------------------------------------------------------------------------------------+
; saida[7..6] ; Output ; Info     ; Connected to dangling logic. Logic that only feeds a dangling port will be removed. ;
; saida[3..1] ; Output ; Info     ; Connected to dangling logic. Logic that only feeds a dangling port will be removed. ;
+-------------+--------+----------+-------------------------------------------------------------------------------------+


+------------------------------------------------------------+
; Port Connectivity Checks: "CPU:CPU|registradorGenerico:PC" ;
+--------+-------+----------+--------------------------------+
; Port   ; Type  ; Severity ; Details                        ;
+--------+-------+----------+--------------------------------+
; enable ; Input ; Info     ; Stuck at VCC                   ;
; rst    ; Input ; Info     ; Stuck at GND                   ;
+--------+-------+----------+--------------------------------+


+---------------------------------------------------+
; Port Connectivity Checks: "CPU:CPU|flipFlop:FLAG" ;
+------+-------+----------+-------------------------+
; Port ; Type  ; Severity ; Details                 ;
+------+-------+----------+-------------------------+
; rst  ; Input ; Info     ; Stuck at GND            ;
+------+-------+----------+-------------------------+


+----------------------------------------------------------------+
; Port Connectivity Checks: "CPU:CPU|registradorGenerico:ENDRET" ;
+------+-------+----------+--------------------------------------+
; Port ; Type  ; Severity ; Details                              ;
+------+-------+----------+--------------------------------------+
; rst  ; Input ; Info     ; Stuck at GND                         ;
+------+-------+----------+--------------------------------------+


+--------------------------------------------------------------+
; Port Connectivity Checks: "CPU:CPU|registradorGenerico:REGA" ;
+------+-------+----------+------------------------------------+
; Port ; Type  ; Severity ; Details                            ;
+------+-------+----------+------------------------------------+
; rst  ; Input ; Info     ; Stuck at GND                       ;
+------+-------+----------+------------------------------------+


+-----------------------------------------------------+
; Post-Synthesis Netlist Statistics for Top Partition ;
+-----------------------+-----------------------------+
; Type                  ; Count                       ;
+-----------------------+-----------------------------+
; arriav_ff             ; 51                          ;
;     ENA               ; 32                          ;
;     ENA SLD           ; 8                           ;
;     plain             ; 11                          ;
; arriav_lcell_comb     ; 116                         ;
;     arith             ; 26                          ;
;         0 data inputs ; 1                           ;
;         1 data inputs ; 9                           ;
;         2 data inputs ; 12                          ;
;         4 data inputs ; 4                           ;
;     extend            ; 1                           ;
;         7 data inputs ; 1                           ;
;     normal            ; 89                          ;
;         2 data inputs ; 2                           ;
;         3 data inputs ; 14                          ;
;         4 data inputs ; 58                          ;
;         5 data inputs ; 11                          ;
;         6 data inputs ; 4                           ;
; boundary_port         ; 68                          ;
;                       ;                             ;
; Max LUT depth         ; 6.70                        ;
; Average LUT depth     ; 3.16                        ;
+-----------------------+-----------------------------+


+-------------------------------+
; Elapsed Time Per Partition    ;
+----------------+--------------+
; Partition Name ; Elapsed Time ;
+----------------+--------------+
; Top            ; 00:00:00     ;
+----------------+--------------+


+-------------------------------+
; Analysis & Synthesis Messages ;
+-------------------------------+
Info: *******************************************************************
Info: Running Quartus Prime Analysis & Synthesis
    Info: Version 20.1.0 Build 711 06/05/2020 SJ Lite Edition
    Info: Processing started: Sun Oct 09 20:01:54 2022
Info: Command: quartus_map --read_settings_files=on --write_settings_files=off Aula08 -c Aula08
Warning (18236): Number of processors has not been specified which may cause overloading on shared machines.  Set the global assignment NUM_PARALLEL_PROCESSORS in your QSF to an appropriate value for best performance.
Info (20030): Parallel compilation is enabled and will use 4 of the 4 processors detected
Info (12021): Found 2 design units, including 1 entities, in source file ulasomasub.vhd
    Info (12022): Found design unit 1: ULASomaSub-comportamento File: C:/Users/nicol/Desktop/insper/6_semestre/descomp/design_computadores/aulas/aula08_completa/ULASomaSub.vhd Line: 15
    Info (12023): Found entity 1: ULASomaSub File: C:/Users/nicol/Desktop/insper/6_semestre/descomp/design_computadores/aulas/aula08_completa/ULASomaSub.vhd Line: 5
Info (12021): Found 2 design units, including 1 entities, in source file somaconstante.vhd
    Info (12022): Found design unit 1: somaConstante-comportamento File: C:/Users/nicol/Desktop/insper/6_semestre/descomp/design_computadores/aulas/aula08_completa/somaConstante.vhd Line: 18
    Info (12023): Found entity 1: somaConstante File: C:/Users/nicol/Desktop/insper/6_semestre/descomp/design_computadores/aulas/aula08_completa/somaConstante.vhd Line: 5
Info (12021): Found 2 design units, including 1 entities, in source file registradorgenerico.vhd
    Info (12022): Found design unit 1: registradorGenerico-comportamento File: C:/Users/nicol/Desktop/insper/6_semestre/descomp/design_computadores/aulas/aula08_completa/registradorGenerico.vhd Line: 15
    Info (12023): Found entity 1: registradorGenerico File: C:/Users/nicol/Desktop/insper/6_semestre/descomp/design_computadores/aulas/aula08_completa/registradorGenerico.vhd Line: 4
Info (12021): Found 2 design units, including 1 entities, in source file muxgenerico4x1.vhd
    Info (12022): Found design unit 1: muxGenerico4x1-comportamento File: C:/Users/nicol/Desktop/insper/6_semestre/descomp/design_computadores/aulas/aula08_completa/muxGenerico4x1.vhd Line: 14
    Info (12023): Found entity 1: muxGenerico4x1 File: C:/Users/nicol/Desktop/insper/6_semestre/descomp/design_computadores/aulas/aula08_completa/muxGenerico4x1.vhd Line: 4
Info (12021): Found 2 design units, including 1 entities, in source file muxgenerico2x1.vhd
    Info (12022): Found design unit 1: muxGenerico2x1-comportamento File: C:/Users/nicol/Desktop/insper/6_semestre/descomp/design_computadores/aulas/aula08_completa/muxGenerico2x1.vhd Line: 14
    Info (12023): Found entity 1: muxGenerico2x1 File: C:/Users/nicol/Desktop/insper/6_semestre/descomp/design_computadores/aulas/aula08_completa/muxGenerico2x1.vhd Line: 4
Info (12021): Found 2 design units, including 1 entities, in source file memoriarom.vhd
    Info (12022): Found design unit 1: memoriaROM-assincrona File: C:/Users/nicol/Desktop/insper/6_semestre/descomp/design_computadores/aulas/aula08_completa/memoriaROM.vhd Line: 16
    Info (12023): Found entity 1: memoriaROM File: C:/Users/nicol/Desktop/insper/6_semestre/descomp/design_computadores/aulas/aula08_completa/memoriaROM.vhd Line: 5
Info (12021): Found 2 design units, including 1 entities, in source file memoriaram.vhd
    Info (12022): Found design unit 1: memoriaRAM-rtl File: C:/Users/nicol/Desktop/insper/6_semestre/descomp/design_computadores/aulas/aula08_completa/memoriaRAM.vhd Line: 21
    Info (12023): Found entity 1: memoriaRAM File: C:/Users/nicol/Desktop/insper/6_semestre/descomp/design_computadores/aulas/aula08_completa/memoriaRAM.vhd Line: 5
Info (12021): Found 2 design units, including 1 entities, in source file logicaled.vhd
    Info (12022): Found design unit 1: logicaLED-comportamento File: C:/Users/nicol/Desktop/insper/6_semestre/descomp/design_computadores/aulas/aula08_completa/logicaLED.vhd Line: 18
    Info (12023): Found entity 1: logicaLED File: C:/Users/nicol/Desktop/insper/6_semestre/descomp/design_computadores/aulas/aula08_completa/logicaLED.vhd Line: 4
Info (12021): Found 2 design units, including 1 entities, in source file logicadisplay.vhd
    Info (12022): Found design unit 1: logicaDisplay-comportamento File: C:/Users/nicol/Desktop/insper/6_semestre/descomp/design_computadores/aulas/aula08_completa/logicaDisplay.vhd Line: 24
    Info (12023): Found entity 1: logicaDisplay File: C:/Users/nicol/Desktop/insper/6_semestre/descomp/design_computadores/aulas/aula08_completa/logicaDisplay.vhd Line: 4
Info (12021): Found 2 design units, including 1 entities, in source file logicadesvio.vhd
    Info (12022): Found design unit 1: logicaDesvio-comportamento File: C:/Users/nicol/Desktop/insper/6_semestre/descomp/design_computadores/aulas/aula08_completa/logicaDesvio.vhd Line: 16
    Info (12023): Found entity 1: logicaDesvio File: C:/Users/nicol/Desktop/insper/6_semestre/descomp/design_computadores/aulas/aula08_completa/logicaDesvio.vhd Line: 5
Info (12021): Found 2 design units, including 1 entities, in source file flipflop.vhd
    Info (12022): Found design unit 1: flipFlop-comportamento File: C:/Users/nicol/Desktop/insper/6_semestre/descomp/design_computadores/aulas/aula08_completa/flipFlop.vhd Line: 15
    Info (12023): Found entity 1: flipFlop File: C:/Users/nicol/Desktop/insper/6_semestre/descomp/design_computadores/aulas/aula08_completa/flipFlop.vhd Line: 4
Info (12021): Found 3 design units, including 1 entities, in source file edgedetector.vhd
    Info (12022): Found design unit 1: edgeDetector-bordaSubida File: C:/Users/nicol/Desktop/insper/6_semestre/descomp/design_computadores/aulas/aula08_completa/edgeDetector.vhd Line: 10
    Info (12022): Found design unit 2: edgeDetector-bordaDescida File: C:/Users/nicol/Desktop/insper/6_semestre/descomp/design_computadores/aulas/aula08_completa/edgeDetector.vhd Line: 23
    Info (12023): Found entity 1: edgeDetector File: C:/Users/nicol/Desktop/insper/6_semestre/descomp/design_computadores/aulas/aula08_completa/edgeDetector.vhd Line: 4
Info (12021): Found 2 design units, including 1 entities, in source file display7seg.vhd
    Info (12022): Found design unit 1: display7Seg-comportamento File: C:/Users/nicol/Desktop/insper/6_semestre/descomp/design_computadores/aulas/aula08_completa/display7Seg.vhd Line: 17
    Info (12023): Found entity 1: display7Seg File: C:/Users/nicol/Desktop/insper/6_semestre/descomp/design_computadores/aulas/aula08_completa/display7Seg.vhd Line: 4
Info (12021): Found 2 design units, including 1 entities, in source file decodergeneric.vhd
    Info (12022): Found design unit 1: decoderGeneric-comportamento File: C:/Users/nicol/Desktop/insper/6_semestre/descomp/design_computadores/aulas/aula08_completa/decoderGeneric.vhd Line: 10
    Info (12023): Found entity 1: decoderGeneric File: C:/Users/nicol/Desktop/insper/6_semestre/descomp/design_computadores/aulas/aula08_completa/decoderGeneric.vhd Line: 4
Info (12021): Found 2 design units, including 1 entities, in source file decoder3x8.vhd
    Info (12022): Found design unit 1: decoder3x8-comportamento File: C:/Users/nicol/Desktop/insper/6_semestre/descomp/design_computadores/aulas/aula08_completa/decoder3x8.vhd Line: 10
    Info (12023): Found entity 1: decoder3x8 File: C:/Users/nicol/Desktop/insper/6_semestre/descomp/design_computadores/aulas/aula08_completa/decoder3x8.vhd Line: 4
Info (12021): Found 2 design units, including 1 entities, in source file cpu.vhd
    Info (12022): Found design unit 1: CPU-arquitetura File: C:/Users/nicol/Desktop/insper/6_semestre/descomp/design_computadores/aulas/aula08_completa/CPU.vhd Line: 23
    Info (12023): Found entity 1: CPU File: C:/Users/nicol/Desktop/insper/6_semestre/descomp/design_computadores/aulas/aula08_completa/CPU.vhd Line: 4
Info (12021): Found 2 design units, including 1 entities, in source file conversorhex7seg.vhd
    Info (12022): Found design unit 1: conversorHex7Seg-comportamento File: C:/Users/nicol/Desktop/insper/6_semestre/descomp/design_computadores/aulas/aula08_completa/conversorHex7Seg.vhd Line: 17
    Info (12023): Found entity 1: conversorHex7Seg File: C:/Users/nicol/Desktop/insper/6_semestre/descomp/design_computadores/aulas/aula08_completa/conversorHex7Seg.vhd Line: 4
Info (12021): Found 2 design units, including 1 entities, in source file aula08.vhd
    Info (12022): Found design unit 1: Aula08-arquitetura File: C:/Users/nicol/Desktop/insper/6_semestre/descomp/design_computadores/aulas/aula08_completa/Aula08.vhd Line: 25
    Info (12023): Found entity 1: Aula08 File: C:/Users/nicol/Desktop/insper/6_semestre/descomp/design_computadores/aulas/aula08_completa/Aula08.vhd Line: 4
Info (12021): Found 2 design units, including 1 entities, in source file buffer_3_state_8portas.vhd
    Info (12022): Found design unit 1: buffer_3_state_8portas-comportamento File: C:/Users/nicol/Desktop/insper/6_semestre/descomp/design_computadores/aulas/aula08_completa/buffer_3_state_8portas.vhd Line: 11
    Info (12023): Found entity 1: buffer_3_state_8portas File: C:/Users/nicol/Desktop/insper/6_semestre/descomp/design_computadores/aulas/aula08_completa/buffer_3_state_8portas.vhd Line: 4
Info (12021): Found 2 design units, including 1 entities, in source file logicasw.vhd
    Info (12022): Found design unit 1: logicaSW-comportamento File: C:/Users/nicol/Desktop/insper/6_semestre/descomp/design_computadores/aulas/aula08_completa/logicaSW.vhd Line: 14
    Info (12023): Found entity 1: logicaSW File: C:/Users/nicol/Desktop/insper/6_semestre/descomp/design_computadores/aulas/aula08_completa/logicaSW.vhd Line: 4
Info (12021): Found 2 design units, including 1 entities, in source file buffer_3_state.vhd
    Info (12022): Found design unit 1: buffer_3_state-comportamento File: C:/Users/nicol/Desktop/insper/6_semestre/descomp/design_computadores/aulas/aula08_completa/buffer_3_state.vhd Line: 11
    Info (12023): Found entity 1: buffer_3_state File: C:/Users/nicol/Desktop/insper/6_semestre/descomp/design_computadores/aulas/aula08_completa/buffer_3_state.vhd Line: 4
Info (12021): Found 2 design units, including 1 entities, in source file logicakey.vhd
    Info (12022): Found design unit 1: logicaKey-comportamento File: C:/Users/nicol/Desktop/insper/6_semestre/descomp/design_computadores/aulas/aula08_completa/logicaKey.vhd Line: 14
    Info (12023): Found entity 1: logicaKey File: C:/Users/nicol/Desktop/insper/6_semestre/descomp/design_computadores/aulas/aula08_completa/logicaKey.vhd Line: 4
Info (12127): Elaborating entity "Aula08" for the top level hierarchy
Info (12128): Elaborating entity "CPU" for hierarchy "CPU:CPU" File: C:/Users/nicol/Desktop/insper/6_semestre/descomp/design_computadores/aulas/aula08_completa/Aula08.vhd Line: 83
Info (12128): Elaborating entity "muxGenerico2x1" for hierarchy "CPU:CPU|muxGenerico2x1:MUX1" File: C:/Users/nicol/Desktop/insper/6_semestre/descomp/design_computadores/aulas/aula08_completa/CPU.vhd Line: 66
Info (12128): Elaborating entity "muxGenerico4x1" for hierarchy "CPU:CPU|muxGenerico4x1:MUX2" File: C:/Users/nicol/Desktop/insper/6_semestre/descomp/design_computadores/aulas/aula08_completa/CPU.vhd Line: 72
Info (12128): Elaborating entity "registradorGenerico" for hierarchy "CPU:CPU|registradorGenerico:REGA" File: C:/Users/nicol/Desktop/insper/6_semestre/descomp/design_computadores/aulas/aula08_completa/CPU.vhd Line: 80
Info (12128): Elaborating entity "registradorGenerico" for hierarchy "CPU:CPU|registradorGenerico:ENDRET" File: C:/Users/nicol/Desktop/insper/6_semestre/descomp/design_computadores/aulas/aula08_completa/CPU.vhd Line: 85
Info (12128): Elaborating entity "flipFlop" for hierarchy "CPU:CPU|flipFlop:FLAG" File: C:/Users/nicol/Desktop/insper/6_semestre/descomp/design_computadores/aulas/aula08_completa/CPU.vhd Line: 89
Info (12128): Elaborating entity "somaConstante" for hierarchy "CPU:CPU|somaConstante:incrementaPC" File: C:/Users/nicol/Desktop/insper/6_semestre/descomp/design_computadores/aulas/aula08_completa/CPU.vhd Line: 96
Info (12128): Elaborating entity "ULASomaSub" for hierarchy "CPU:CPU|ULASomaSub:ULA1" File: C:/Users/nicol/Desktop/insper/6_semestre/descomp/design_computadores/aulas/aula08_completa/CPU.vhd Line: 101
Info (12128): Elaborating entity "decoderGeneric" for hierarchy "CPU:CPU|decoderGeneric:DECODER" File: C:/Users/nicol/Desktop/insper/6_semestre/descomp/design_computadores/aulas/aula08_completa/CPU.vhd Line: 105
Info (12128): Elaborating entity "logicaDesvio" for hierarchy "CPU:CPU|logicaDesvio:logicaDesvio" File: C:/Users/nicol/Desktop/insper/6_semestre/descomp/design_computadores/aulas/aula08_completa/CPU.vhd Line: 109
Info (12128): Elaborating entity "memoriaROM" for hierarchy "memoriaROM:ROM" File: C:/Users/nicol/Desktop/insper/6_semestre/descomp/design_computadores/aulas/aula08_completa/Aula08.vhd Line: 94
Info (12128): Elaborating entity "decoder3x8" for hierarchy "decoder3x8:DECODER_BLOCOS" File: C:/Users/nicol/Desktop/insper/6_semestre/descomp/design_computadores/aulas/aula08_completa/Aula08.vhd Line: 98
Info (12128): Elaborating entity "memoriaRAM" for hierarchy "memoriaRAM:RAM" File: C:/Users/nicol/Desktop/insper/6_semestre/descomp/design_computadores/aulas/aula08_completa/Aula08.vhd Line: 106
Info (12128): Elaborating entity "logicaLED" for hierarchy "logicaLED:LOGICALEDS" File: C:/Users/nicol/Desktop/insper/6_semestre/descomp/design_computadores/aulas/aula08_completa/Aula08.vhd Line: 113
Info (12128): Elaborating entity "logicaDisplay" for hierarchy "logicaDisplay:LOGICADISPLAYS" File: C:/Users/nicol/Desktop/insper/6_semestre/descomp/design_computadores/aulas/aula08_completa/Aula08.vhd Line: 123
Info (12128): Elaborating entity "display7Seg" for hierarchy "logicaDisplay:LOGICADISPLAYS|display7Seg:DISPLAY0" File: C:/Users/nicol/Desktop/insper/6_semestre/descomp/design_computadores/aulas/aula08_completa/logicaDisplay.vhd Line: 48
Info (12128): Elaborating entity "registradorGenerico" for hierarchy "logicaDisplay:LOGICADISPLAYS|display7Seg:DISPLAY0|registradorGenerico:REG" File: C:/Users/nicol/Desktop/insper/6_semestre/descomp/design_computadores/aulas/aula08_completa/display7Seg.vhd Line: 23
Info (12128): Elaborating entity "conversorHex7Seg" for hierarchy "logicaDisplay:LOGICADISPLAYS|display7Seg:DISPLAY0|conversorHex7Seg:DECODER7SEG" File: C:/Users/nicol/Desktop/insper/6_semestre/descomp/design_computadores/aulas/aula08_completa/display7Seg.vhd Line: 26
Info (12128): Elaborating entity "logicaSW" for hierarchy "logicaSW:LOGICASW" File: C:/Users/nicol/Desktop/insper/6_semestre/descomp/design_computadores/aulas/aula08_completa/Aula08.vhd Line: 137
Info (12128): Elaborating entity "buffer_3_state_8portas" for hierarchy "logicaSW:LOGICASW|buffer_3_state_8portas:BUFFER3STATE8PORTAS" File: C:/Users/nicol/Desktop/insper/6_semestre/descomp/design_computadores/aulas/aula08_completa/logicaSW.vhd Line: 30
Info (12128): Elaborating entity "buffer_3_state" for hierarchy "logicaSW:LOGICASW|buffer_3_state:BUFFER3STATESW8" File: C:/Users/nicol/Desktop/insper/6_semestre/descomp/design_computadores/aulas/aula08_completa/logicaSW.vhd Line: 35
Info (12128): Elaborating entity "logicaKey" for hierarchy "logicaKey:LOGICAKEY" File: C:/Users/nicol/Desktop/insper/6_semestre/descomp/design_computadores/aulas/aula08_completa/Aula08.vhd Line: 145
Info (276014): Found 1 instances of uninferred RAM logic
    Info (276007): RAM logic "memoriaRAM:RAM|ram" is uninferred due to asynchronous read logic File: C:/Users/nicol/Desktop/insper/6_semestre/descomp/design_computadores/aulas/aula08_completa/memoriaRAM.vhd Line: 27
Warning (13046): Tri-state node(s) do not directly drive top-level pin(s)
    Warning (13048): Converted tri-state node "barramentoLeitura[7]" into a selector File: C:/Users/nicol/Desktop/insper/6_semestre/descomp/design_computadores/aulas/aula08_completa/muxGenerico2x1.vhd Line: 10
    Warning (13048): Converted tri-state node "barramentoLeitura[6]" into a selector File: C:/Users/nicol/Desktop/insper/6_semestre/descomp/design_computadores/aulas/aula08_completa/muxGenerico2x1.vhd Line: 10
    Warning (13048): Converted tri-state node "barramentoLeitura[5]" into a selector File: C:/Users/nicol/Desktop/insper/6_semestre/descomp/design_computadores/aulas/aula08_completa/muxGenerico2x1.vhd Line: 10
    Warning (13048): Converted tri-state node "barramentoLeitura[4]" into a selector File: C:/Users/nicol/Desktop/insper/6_semestre/descomp/design_computadores/aulas/aula08_completa/muxGenerico2x1.vhd Line: 10
    Warning (13048): Converted tri-state node "barramentoLeitura[3]" into a selector File: C:/Users/nicol/Desktop/insper/6_semestre/descomp/design_computadores/aulas/aula08_completa/muxGenerico2x1.vhd Line: 10
    Warning (13048): Converted tri-state node "barramentoLeitura[2]" into a selector File: C:/Users/nicol/Desktop/insper/6_semestre/descomp/design_computadores/aulas/aula08_completa/muxGenerico2x1.vhd Line: 10
    Warning (13048): Converted tri-state node "barramentoLeitura[1]" into a selector File: C:/Users/nicol/Desktop/insper/6_semestre/descomp/design_computadores/aulas/aula08_completa/muxGenerico2x1.vhd Line: 10
    Warning (13048): Converted tri-state node "barramentoLeitura[0]" into a selector File: C:/Users/nicol/Desktop/insper/6_semestre/descomp/design_computadores/aulas/aula08_completa/muxGenerico2x1.vhd Line: 10
Info (286030): Timing-Driven Synthesis is running
Info (16010): Generating hard_block partition "hard_block:auto_generated_inst"
    Info (16011): Adding 0 node(s), including 0 DDIO, 0 PLL, 0 transceiver and 0 LCELL
Info (21057): Implemented 216 device resources after synthesis - the final resource count might be different
    Info (21058): Implemented 16 input pins
    Info (21059): Implemented 52 output pins
    Info (21061): Implemented 148 logic cells
Info: Quartus Prime Analysis & Synthesis was successful. 0 errors, 10 warnings
    Info: Peak virtual memory: 4849 megabytes
    Info: Processing ended: Sun Oct 09 20:02:05 2022
    Info: Elapsed time: 00:00:11
    Info: Total CPU time (on all processors): 00:00:25


