Analysis & Synthesis report for CicloUnico
Tue Nov 22 17:20:42 2022
Quartus Prime Version 20.1.0 Build 711 06/05/2020 SJ Lite Edition


---------------------
; Table of Contents ;
---------------------
  1. Legal Notice
  2. Analysis & Synthesis Summary
  3. Analysis & Synthesis Settings
  4. Parallel Compilation
  5. Analysis & Synthesis Source Files Read
  6. Analysis & Synthesis Resource Usage Summary
  7. Analysis & Synthesis Resource Utilization by Entity
  8. Registers Removed During Synthesis
  9. General Register Statistics
 10. Multiplexer Restructuring Statistics (Restructuring Performed)
 11. Parameter Settings for User Entity Instance: Top-level Entity: |CicloUnico
 12. Parameter Settings for User Entity Instance: registradorGenerico:PC
 13. Parameter Settings for User Entity Instance: somaConstante:incrementaPC
 14. Parameter Settings for User Entity Instance: ROMMIPS:ROM
 15. Parameter Settings for User Entity Instance: muxGenerico2x1:MUX_RT_RD
 16. Parameter Settings for User Entity Instance: bancoReg:BANCO_REGISTRADORES
 17. Parameter Settings for User Entity Instance: muxGenerico2x1:MUX_RT_IMEDIATO
 18. Parameter Settings for User Entity Instance: ULA:ULA
 19. Parameter Settings for User Entity Instance: muxGenerico2x1:MUX_ULA_RAM
 20. Parameter Settings for User Entity Instance: unidadeControleULA:UNIDADE_CONTROLE_ULA|muxGenerico2x1:MUX2_1
 21. Parameter Settings for User Entity Instance: estendeSinalGenerico:EXTENSOR_SINAL
 22. Parameter Settings for User Entity Instance: shifter:SHIFTER
 23. Parameter Settings for User Entity Instance: somadorGenerico:SOMADOR
 24. Parameter Settings for User Entity Instance: muxGenerico2x1:MUXPC
 25. Parameter Settings for User Entity Instance: muxGenerico2x1:MUX_PC_BEQ_JMP
 26. Parameter Settings for User Entity Instance: RAMMIPS:RAM
 27. Parameter Settings for User Entity Instance: muxGenerico2x1:MUX_PC_ULA
 28. Port Connectivity Checks: "logicaDisplay:DISPLAY|display7Seg:DISPLAY0|conversorHex7Seg:DECODER7SEG"
 29. Port Connectivity Checks: "muxGenerico2x1:MUX_PC_BEQ_JMP"
 30. Port Connectivity Checks: "ULA:ULA|ULA_bit_inicial:BIT31|muxGenerico4x1_1bit:MUX4_1"
 31. Port Connectivity Checks: "ULA:ULA|ULA_1_bit:BIT1|muxGenerico4x1_1bit:MUX4_1"
 32. Port Connectivity Checks: "registradorGenerico:PC"
 33. Post-Synthesis Netlist Statistics for Top Partition
 34. Elapsed Time Per Partition
 35. Analysis & Synthesis Messages



----------------
; Legal Notice ;
----------------
Copyright (C) 2020  Intel Corporation. All rights reserved.
Your use of Intel Corporation's design tools, logic functions 
and other software and tools, and any partner logic 
functions, and any output files from any of the foregoing 
(including device programming or simulation files), and any 
associated documentation or information are expressly subject 
to the terms and conditions of the Intel Program License 
Subscription Agreement, the Intel Quartus Prime License Agreement,
the Intel FPGA IP License Agreement, or other applicable license
agreement, including, without limitation, that your use is for
the sole purpose of programming logic devices manufactured by
Intel and sold by Intel or its authorized distributors.  Please
refer to the applicable agreement for further details, at
https://fpgasoftware.intel.com/eula.



+-------------------------------------------------------------------------------+
; Analysis & Synthesis Summary                                                  ;
+---------------------------------+---------------------------------------------+
; Analysis & Synthesis Status     ; Successful - Tue Nov 22 17:20:42 2022       ;
; Quartus Prime Version           ; 20.1.0 Build 711 06/05/2020 SJ Lite Edition ;
; Revision Name                   ; CicloUnico                                  ;
; Top-level Entity Name           ; CicloUnico                                  ;
; Family                          ; Cyclone V                                   ;
; Logic utilization (in ALMs)     ; N/A                                         ;
; Total registers                 ; 31                                          ;
; Total pins                      ; 67                                          ;
; Total virtual pins              ; 0                                           ;
; Total block memory bits         ; 0                                           ;
; Total DSP Blocks                ; 0                                           ;
; Total HSSI RX PCSs              ; 0                                           ;
; Total HSSI PMA RX Deserializers ; 0                                           ;
; Total HSSI TX PCSs              ; 0                                           ;
; Total HSSI PMA TX Serializers   ; 0                                           ;
; Total PLLs                      ; 0                                           ;
; Total DLLs                      ; 0                                           ;
+---------------------------------+---------------------------------------------+


+---------------------------------------------------------------------------------------------------------------------------+
; Analysis & Synthesis Settings                                                                                             ;
+---------------------------------------------------------------------------------+--------------------+--------------------+
; Option                                                                          ; Setting            ; Default Value      ;
+---------------------------------------------------------------------------------+--------------------+--------------------+
; Device                                                                          ; 5CEBA4F23C7        ;                    ;
; Top-level entity name                                                           ; CicloUnico         ; CicloUnico         ;
; Family name                                                                     ; Cyclone V          ; Cyclone V          ;
; VHDL Show LMF Mapping Messages                                                  ; Off                ;                    ;
; VHDL Version                                                                    ; VHDL_2008          ; VHDL_1993          ;
; Use smart compilation                                                           ; Off                ; Off                ;
; Enable parallel Assembler and Timing Analyzer during compilation                ; On                 ; On                 ;
; Enable compact report table                                                     ; Off                ; Off                ;
; Restructure Multiplexers                                                        ; Auto               ; Auto               ;
; MLAB Add Timing Constraints For Mixed-Port Feed-Through Mode Setting Don't Care ; Off                ; Off                ;
; Create Debugging Nodes for IP Cores                                             ; Off                ; Off                ;
; Preserve fewer node names                                                       ; On                 ; On                 ;
; Intel FPGA IP Evaluation Mode                                                   ; Enable             ; Enable             ;
; Verilog Version                                                                 ; Verilog_2001       ; Verilog_2001       ;
; State Machine Processing                                                        ; Auto               ; Auto               ;
; Safe State Machine                                                              ; Off                ; Off                ;
; Extract Verilog State Machines                                                  ; On                 ; On                 ;
; Extract VHDL State Machines                                                     ; On                 ; On                 ;
; Ignore Verilog initial constructs                                               ; Off                ; Off                ;
; Iteration limit for constant Verilog loops                                      ; 5000               ; 5000               ;
; Iteration limit for non-constant Verilog loops                                  ; 250                ; 250                ;
; Add Pass-Through Logic to Inferred RAMs                                         ; On                 ; On                 ;
; Infer RAMs from Raw Logic                                                       ; On                 ; On                 ;
; Parallel Synthesis                                                              ; On                 ; On                 ;
; DSP Block Balancing                                                             ; Auto               ; Auto               ;
; NOT Gate Push-Back                                                              ; On                 ; On                 ;
; Power-Up Don't Care                                                             ; On                 ; On                 ;
; Remove Redundant Logic Cells                                                    ; Off                ; Off                ;
; Remove Duplicate Registers                                                      ; On                 ; On                 ;
; Ignore CARRY Buffers                                                            ; Off                ; Off                ;
; Ignore CASCADE Buffers                                                          ; Off                ; Off                ;
; Ignore GLOBAL Buffers                                                           ; Off                ; Off                ;
; Ignore ROW GLOBAL Buffers                                                       ; Off                ; Off                ;
; Ignore LCELL Buffers                                                            ; Off                ; Off                ;
; Ignore SOFT Buffers                                                             ; On                 ; On                 ;
; Limit AHDL Integers to 32 Bits                                                  ; Off                ; Off                ;
; Optimization Technique                                                          ; Balanced           ; Balanced           ;
; Carry Chain Length                                                              ; 70                 ; 70                 ;
; Auto Carry Chains                                                               ; On                 ; On                 ;
; Auto Open-Drain Pins                                                            ; On                 ; On                 ;
; Perform WYSIWYG Primitive Resynthesis                                           ; Off                ; Off                ;
; Auto ROM Replacement                                                            ; On                 ; On                 ;
; Auto RAM Replacement                                                            ; On                 ; On                 ;
; Auto DSP Block Replacement                                                      ; On                 ; On                 ;
; Auto Shift Register Replacement                                                 ; Auto               ; Auto               ;
; Allow Shift Register Merging across Hierarchies                                 ; Auto               ; Auto               ;
; Auto Clock Enable Replacement                                                   ; On                 ; On                 ;
; Strict RAM Replacement                                                          ; Off                ; Off                ;
; Allow Synchronous Control Signals                                               ; On                 ; On                 ;
; Force Use of Synchronous Clear Signals                                          ; Off                ; Off                ;
; Auto Resource Sharing                                                           ; Off                ; Off                ;
; Allow Any RAM Size For Recognition                                              ; Off                ; Off                ;
; Allow Any ROM Size For Recognition                                              ; Off                ; Off                ;
; Allow Any Shift Register Size For Recognition                                   ; Off                ; Off                ;
; Use LogicLock Constraints during Resource Balancing                             ; On                 ; On                 ;
; Ignore translate_off and synthesis_off directives                               ; Off                ; Off                ;
; Timing-Driven Synthesis                                                         ; On                 ; On                 ;
; Report Parameter Settings                                                       ; On                 ; On                 ;
; Report Source Assignments                                                       ; On                 ; On                 ;
; Report Connectivity Checks                                                      ; On                 ; On                 ;
; Ignore Maximum Fan-Out Assignments                                              ; Off                ; Off                ;
; Synchronization Register Chain Length                                           ; 3                  ; 3                  ;
; Power Optimization During Synthesis                                             ; Normal compilation ; Normal compilation ;
; HDL message level                                                               ; Level2             ; Level2             ;
; Suppress Register Optimization Related Messages                                 ; Off                ; Off                ;
; Number of Removed Registers Reported in Synthesis Report                        ; 5000               ; 5000               ;
; Number of Swept Nodes Reported in Synthesis Report                              ; 5000               ; 5000               ;
; Number of Inverted Registers Reported in Synthesis Report                       ; 100                ; 100                ;
; Clock MUX Protection                                                            ; On                 ; On                 ;
; Auto Gated Clock Conversion                                                     ; Off                ; Off                ;
; Block Design Naming                                                             ; Auto               ; Auto               ;
; SDC constraint protection                                                       ; Off                ; Off                ;
; Synthesis Effort                                                                ; Auto               ; Auto               ;
; Shift Register Replacement - Allow Asynchronous Clear Signal                    ; On                 ; On                 ;
; Pre-Mapping Resynthesis Optimization                                            ; Off                ; Off                ;
; Analysis & Synthesis Message Level                                              ; Medium             ; Medium             ;
; Disable Register Merging Across Hierarchies                                     ; Auto               ; Auto               ;
; Resource Aware Inference For Block RAM                                          ; On                 ; On                 ;
; Automatic Parallel Synthesis                                                    ; On                 ; On                 ;
; Partial Reconfiguration Bitstream ID                                            ; Off                ; Off                ;
+---------------------------------------------------------------------------------+--------------------+--------------------+


+------------------------------------------+
; Parallel Compilation                     ;
+----------------------------+-------------+
; Processors                 ; Number      ;
+----------------------------+-------------+
; Number detected on machine ; 8           ;
; Maximum allowed            ; 4           ;
;                            ;             ;
; Average used               ; 1.00        ;
; Maximum used               ; 4           ;
;                            ;             ;
; Usage by Processor         ; % Time Used ;
;     Processor 1            ; 100.0%      ;
;     Processors 2-4         ;   0.0%      ;
+----------------------------+-------------+


+---------------------------------------------------------------------------------------------------------------------------------------------------------------------------------------------------------------+
; Analysis & Synthesis Source Files Read                                                                                                                                                                        ;
+----------------------------------+-----------------+-----------------+------------------------------------------------------------------------------------------------------------------------------+---------+
; File Name with User-Entered Path ; Used in Netlist ; File Type       ; File Name with Absolute Path                                                                                                 ; Library ;
+----------------------------------+-----------------+-----------------+------------------------------------------------------------------------------------------------------------------------------+---------+
; logicaDisplay.vhd                ; yes             ; User VHDL File  ; C:/Users/nicol/Desktop/insper/6_semestre/descomp/design_computadores/projeto2/entrega_intermediaria/logicaDisplay.vhd        ;         ;
; display7Seg.vhd                  ; yes             ; User VHDL File  ; C:/Users/nicol/Desktop/insper/6_semestre/descomp/design_computadores/projeto2/entrega_intermediaria/display7Seg.vhd          ;         ;
; conversorHex7Seg.vhd             ; yes             ; User VHDL File  ; C:/Users/nicol/Desktop/insper/6_semestre/descomp/design_computadores/projeto2/entrega_intermediaria/conversorHex7Seg.vhd     ;         ;
; muxGenerico2x1.vhd               ; yes             ; User VHDL File  ; C:/Users/nicol/Desktop/insper/6_semestre/descomp/design_computadores/projeto2/entrega_intermediaria/muxGenerico2x1.vhd       ;         ;
; muxGenerico4x1_1bit.vhd          ; yes             ; User VHDL File  ; C:/Users/nicol/Desktop/insper/6_semestre/descomp/design_computadores/projeto2/entrega_intermediaria/muxGenerico4x1_1bit.vhd  ;         ;
; muxGenerico2x1_1bit.vhd          ; yes             ; User VHDL File  ; C:/Users/nicol/Desktop/insper/6_semestre/descomp/design_computadores/projeto2/entrega_intermediaria/muxGenerico2x1_1bit.vhd  ;         ;
; unidadeControle.vhd              ; yes             ; User VHDL File  ; C:/Users/nicol/Desktop/insper/6_semestre/descomp/design_computadores/projeto2/entrega_intermediaria/unidadeControle.vhd      ;         ;
; ULA_bit_inicial.vhd              ; yes             ; User VHDL File  ; C:/Users/nicol/Desktop/insper/6_semestre/descomp/design_computadores/projeto2/entrega_intermediaria/ULA_bit_inicial.vhd      ;         ;
; ULA_bit_final.vhd                ; yes             ; User VHDL File  ; C:/Users/nicol/Desktop/insper/6_semestre/descomp/design_computadores/projeto2/entrega_intermediaria/ULA_bit_final.vhd        ;         ;
; ULA_1_bit.vhd                    ; yes             ; User VHDL File  ; C:/Users/nicol/Desktop/insper/6_semestre/descomp/design_computadores/projeto2/entrega_intermediaria/ULA_1_bit.vhd            ;         ;
; ULA.vhd                          ; yes             ; User VHDL File  ; C:/Users/nicol/Desktop/insper/6_semestre/descomp/design_computadores/projeto2/entrega_intermediaria/ULA.vhd                  ;         ;
; somadorGenerico.vhd              ; yes             ; User VHDL File  ; C:/Users/nicol/Desktop/insper/6_semestre/descomp/design_computadores/projeto2/entrega_intermediaria/somadorGenerico.vhd      ;         ;
; somadorCompleto.vhd              ; yes             ; User VHDL File  ; C:/Users/nicol/Desktop/insper/6_semestre/descomp/design_computadores/projeto2/entrega_intermediaria/somadorCompleto.vhd      ;         ;
; somaConstante.vhd                ; yes             ; User VHDL File  ; C:/Users/nicol/Desktop/insper/6_semestre/descomp/design_computadores/projeto2/entrega_intermediaria/somaConstante.vhd        ;         ;
; shifter.vhd                      ; yes             ; User VHDL File  ; C:/Users/nicol/Desktop/insper/6_semestre/descomp/design_computadores/projeto2/entrega_intermediaria/shifter.vhd              ;         ;
; ROMMIPS.vhd                      ; yes             ; User VHDL File  ; C:/Users/nicol/Desktop/insper/6_semestre/descomp/design_computadores/projeto2/entrega_intermediaria/ROMMIPS.vhd              ;         ;
; registradorGenerico.vhd          ; yes             ; User VHDL File  ; C:/Users/nicol/Desktop/insper/6_semestre/descomp/design_computadores/projeto2/entrega_intermediaria/registradorGenerico.vhd  ;         ;
; RAMMIPS.vhd                      ; yes             ; User VHDL File  ; C:/Users/nicol/Desktop/insper/6_semestre/descomp/design_computadores/projeto2/entrega_intermediaria/RAMMIPS.vhd              ;         ;
; estendeSinalGenerico.vhd         ; yes             ; User VHDL File  ; C:/Users/nicol/Desktop/insper/6_semestre/descomp/design_computadores/projeto2/entrega_intermediaria/estendeSinalGenerico.vhd ;         ;
; edgeDetector.vhd                 ; yes             ; User VHDL File  ; C:/Users/nicol/Desktop/insper/6_semestre/descomp/design_computadores/projeto2/entrega_intermediaria/edgeDetector.vhd         ;         ;
; bancoReg.vhd                     ; yes             ; User VHDL File  ; C:/Users/nicol/Desktop/insper/6_semestre/descomp/design_computadores/projeto2/entrega_intermediaria/bancoReg.vhd             ;         ;
; CicloUnico.vhd                   ; yes             ; User VHDL File  ; C:/Users/nicol/Desktop/insper/6_semestre/descomp/design_computadores/projeto2/entrega_intermediaria/CicloUnico.vhd           ;         ;
; unidadeControleULA.vhd           ; yes             ; User VHDL File  ; C:/Users/nicol/Desktop/insper/6_semestre/descomp/design_computadores/projeto2/entrega_intermediaria/unidadeControleULA.vhd   ;         ;
; decoderOpCodeULA.vhd             ; yes             ; User VHDL File  ; C:/Users/nicol/Desktop/insper/6_semestre/descomp/design_computadores/projeto2/entrega_intermediaria/decoderOpCodeULA.vhd     ;         ;
; decoderFunctULA.vhd              ; yes             ; User VHDL File  ; C:/Users/nicol/Desktop/insper/6_semestre/descomp/design_computadores/projeto2/entrega_intermediaria/decoderFunctULA.vhd      ;         ;
+----------------------------------+-----------------+-----------------+------------------------------------------------------------------------------------------------------------------------------+---------+


+-------------------------------------------------------------------------------+
; Analysis & Synthesis Resource Usage Summary                                   ;
+---------------------------------------------+---------------------------------+
; Resource                                    ; Usage                           ;
+---------------------------------------------+---------------------------------+
; Estimate of Logic utilization (ALMs needed) ; 76                              ;
;                                             ;                                 ;
; Combinational ALUT usage for logic          ; 141                             ;
;     -- 7 input functions                    ; 0                               ;
;     -- 6 input functions                    ; 10                              ;
;     -- 5 input functions                    ; 0                               ;
;     -- 4 input functions                    ; 64                              ;
;     -- <=3 input functions                  ; 67                              ;
;                                             ;                                 ;
; Dedicated logic registers                   ; 31                              ;
;                                             ;                                 ;
; I/O pins                                    ; 67                              ;
;                                             ;                                 ;
; Total DSP Blocks                            ; 0                               ;
;                                             ;                                 ;
; Maximum fan-out node                        ; edgeDetector:detectorSub0|saida ;
; Maximum fan-out                             ; 30                              ;
; Total fan-out                               ; 661                             ;
; Average fan-out                             ; 2.16                            ;
+---------------------------------------------+---------------------------------+


+-----------------------------------------------------------------------------------------------------------------------------------------------------------------------------------------------------------------------------------------------------------------------------+
; Analysis & Synthesis Resource Utilization by Entity                                                                                                                                                                                                                         ;
+-----------------------------------------+---------------------+---------------------------+-------------------+------------+------+--------------+-------------------------------------------------------------------------------------+---------------------+--------------+
; Compilation Hierarchy Node              ; Combinational ALUTs ; Dedicated Logic Registers ; Block Memory Bits ; DSP Blocks ; Pins ; Virtual Pins ; Full Hierarchy Name                                                                 ; Entity Name         ; Library Name ;
+-----------------------------------------+---------------------+---------------------------+-------------------+------------+------+--------------+-------------------------------------------------------------------------------------+---------------------+--------------+
; |CicloUnico                             ; 141 (1)             ; 31 (0)                    ; 0                 ; 0          ; 67   ; 0            ; |CicloUnico                                                                         ; CicloUnico          ; work         ;
;    |ROMMIPS:ROM|                        ; 10 (10)             ; 0 (0)                     ; 0                 ; 0          ; 0    ; 0            ; |CicloUnico|ROMMIPS:ROM                                                             ; ROMMIPS             ; work         ;
;    |edgeDetector:detectorSub0|          ; 2 (2)               ; 1 (1)                     ; 0                 ; 0          ; 0    ; 0            ; |CicloUnico|edgeDetector:detectorSub0                                               ; edgeDetector        ; work         ;
;    |logicaDisplay:DISPLAY|              ; 37 (0)              ; 0 (0)                     ; 0                 ; 0          ; 0    ; 0            ; |CicloUnico|logicaDisplay:DISPLAY                                                   ; logicaDisplay       ; work         ;
;       |display7Seg:DISPLAY0|            ; 2 (0)               ; 0 (0)                     ; 0                 ; 0          ; 0    ; 0            ; |CicloUnico|logicaDisplay:DISPLAY|display7Seg:DISPLAY0                              ; display7Seg         ; work         ;
;          |conversorHex7Seg:DECODER7SEG| ; 2 (2)               ; 0 (0)                     ; 0                 ; 0          ; 0    ; 0            ; |CicloUnico|logicaDisplay:DISPLAY|display7Seg:DISPLAY0|conversorHex7Seg:DECODER7SEG ; conversorHex7Seg    ; work         ;
;       |display7Seg:DISPLAY1|            ; 7 (0)               ; 0 (0)                     ; 0                 ; 0          ; 0    ; 0            ; |CicloUnico|logicaDisplay:DISPLAY|display7Seg:DISPLAY1                              ; display7Seg         ; work         ;
;          |conversorHex7Seg:DECODER7SEG| ; 7 (7)               ; 0 (0)                     ; 0                 ; 0          ; 0    ; 0            ; |CicloUnico|logicaDisplay:DISPLAY|display7Seg:DISPLAY1|conversorHex7Seg:DECODER7SEG ; conversorHex7Seg    ; work         ;
;       |display7Seg:DISPLAY2|            ; 7 (0)               ; 0 (0)                     ; 0                 ; 0          ; 0    ; 0            ; |CicloUnico|logicaDisplay:DISPLAY|display7Seg:DISPLAY2                              ; display7Seg         ; work         ;
;          |conversorHex7Seg:DECODER7SEG| ; 7 (7)               ; 0 (0)                     ; 0                 ; 0          ; 0    ; 0            ; |CicloUnico|logicaDisplay:DISPLAY|display7Seg:DISPLAY2|conversorHex7Seg:DECODER7SEG ; conversorHex7Seg    ; work         ;
;       |display7Seg:DISPLAY3|            ; 7 (0)               ; 0 (0)                     ; 0                 ; 0          ; 0    ; 0            ; |CicloUnico|logicaDisplay:DISPLAY|display7Seg:DISPLAY3                              ; display7Seg         ; work         ;
;          |conversorHex7Seg:DECODER7SEG| ; 7 (7)               ; 0 (0)                     ; 0                 ; 0          ; 0    ; 0            ; |CicloUnico|logicaDisplay:DISPLAY|display7Seg:DISPLAY3|conversorHex7Seg:DECODER7SEG ; conversorHex7Seg    ; work         ;
;       |display7Seg:DISPLAY4|            ; 7 (0)               ; 0 (0)                     ; 0                 ; 0          ; 0    ; 0            ; |CicloUnico|logicaDisplay:DISPLAY|display7Seg:DISPLAY4                              ; display7Seg         ; work         ;
;          |conversorHex7Seg:DECODER7SEG| ; 7 (7)               ; 0 (0)                     ; 0                 ; 0          ; 0    ; 0            ; |CicloUnico|logicaDisplay:DISPLAY|display7Seg:DISPLAY4|conversorHex7Seg:DECODER7SEG ; conversorHex7Seg    ; work         ;
;       |display7Seg:DISPLAY5|            ; 7 (0)               ; 0 (0)                     ; 0                 ; 0          ; 0    ; 0            ; |CicloUnico|logicaDisplay:DISPLAY|display7Seg:DISPLAY5                              ; display7Seg         ; work         ;
;          |conversorHex7Seg:DECODER7SEG| ; 7 (7)               ; 0 (0)                     ; 0                 ; 0          ; 0    ; 0            ; |CicloUnico|logicaDisplay:DISPLAY|display7Seg:DISPLAY5|conversorHex7Seg:DECODER7SEG ; conversorHex7Seg    ; work         ;
;    |muxGenerico2x1:MUX_PC_BEQ_JMP|      ; 30 (30)             ; 0 (0)                     ; 0                 ; 0          ; 0    ; 0            ; |CicloUnico|muxGenerico2x1:MUX_PC_BEQ_JMP                                           ; muxGenerico2x1      ; work         ;
;    |registradorGenerico:PC|             ; 0 (0)               ; 30 (30)                   ; 0                 ; 0          ; 0    ; 0            ; |CicloUnico|registradorGenerico:PC                                                  ; registradorGenerico ; work         ;
;    |somaConstante:incrementaPC|         ; 30 (30)             ; 0 (0)                     ; 0                 ; 0          ; 0    ; 0            ; |CicloUnico|somaConstante:incrementaPC                                              ; somaConstante       ; work         ;
;    |somadorGenerico:SOMADOR|            ; 30 (30)             ; 0 (0)                     ; 0                 ; 0          ; 0    ; 0            ; |CicloUnico|somadorGenerico:SOMADOR                                                 ; somadorGenerico     ; work         ;
;    |unidadeControle:UNIDADE_CONTROLE|   ; 1 (1)               ; 0 (0)                     ; 0                 ; 0          ; 0    ; 0            ; |CicloUnico|unidadeControle:UNIDADE_CONTROLE                                        ; unidadeControle     ; work         ;
+-----------------------------------------+---------------------+---------------------------+-------------------+------------+------+--------------+-------------------------------------------------------------------------------------+---------------------+--------------+
Note: For table entries with two numbers listed, the numbers in parentheses indicate the number of resources of the given type used by the specific entity alone. The numbers listed outside of parentheses indicate the total resources of the given type used by the specific entity and all of its sub-entities in the hierarchy.


+------------------------------------------------------------------------------------+
; Registers Removed During Synthesis                                                 ;
+---------------------------------------+--------------------------------------------+
; Register name                         ; Reason for Removal                         ;
+---------------------------------------+--------------------------------------------+
; registradorGenerico:PC|DOUT[0]        ; Merged with registradorGenerico:PC|DOUT[1] ;
; registradorGenerico:PC|DOUT[1]        ; Stuck at GND due to stuck port data_in     ;
; Total Number of Removed Registers = 2 ;                                            ;
+---------------------------------------+--------------------------------------------+


+------------------------------------------------------+
; General Register Statistics                          ;
+----------------------------------------------+-------+
; Statistic                                    ; Value ;
+----------------------------------------------+-------+
; Total registers                              ; 31    ;
; Number of registers using Synchronous Clear  ; 0     ;
; Number of registers using Synchronous Load   ; 0     ;
; Number of registers using Asynchronous Clear ; 0     ;
; Number of registers using Asynchronous Load  ; 0     ;
; Number of registers using Clock Enable       ; 0     ;
; Number of registers using Preset             ; 0     ;
+----------------------------------------------+-------+


+-------------------------------------------------------------------------------------------------------------------------------------------------------------------+
; Multiplexer Restructuring Statistics (Restructuring Performed)                                                                                                    ;
+--------------------+-----------+---------------+----------------------+------------------------+------------+-----------------------------------------------------+
; Multiplexer Inputs ; Bus Width ; Baseline Area ; Area if Restructured ; Saving if Restructured ; Registered ; Example Multiplexer Output                          ;
+--------------------+-----------+---------------+----------------------+------------------------+------------+-----------------------------------------------------+
; 3:1                ; 5 bits    ; 10 LEs        ; 10 LEs               ; 0 LEs                  ; Yes        ; |CicloUnico|registradorGenerico:PC|DOUT[20]         ;
; 3:1                ; 21 bits   ; 42 LEs        ; 42 LEs               ; 0 LEs                  ; Yes        ; |CicloUnico|registradorGenerico:PC|DOUT[7]          ;
; 1:1                ; 30 bits   ; 0 LEs         ; 0 LEs                ; 0 LEs                  ; No         ; |CicloUnico|muxGenerico2x1:MUX_PC_ULA|saida_MUX[22] ;
+--------------------+-----------+---------------+----------------------+------------------------+------------+-----------------------------------------------------+


+----------------------------------------------------------------------------+
; Parameter Settings for User Entity Instance: Top-level Entity: |CicloUnico ;
+------------------+-------+-------------------------------------------------+
; Parameter Name   ; Value ; Type                                            ;
+------------------+-------+-------------------------------------------------+
; larguraDados     ; 32    ; Signed Integer                                  ;
; larguraEnderecos ; 32    ; Signed Integer                                  ;
; larguraInstrucao ; 32    ; Signed Integer                                  ;
; simulacao        ; false ; Enumerated                                      ;
+------------------+-------+-------------------------------------------------+
Note: In order to hide this table in the UI and the text report file, please set the "Show Parameter Settings in Synthesis Report" option in "Analysis and Synthesis Settings -> More Settings" to "Off".


+---------------------------------------------------------------------+
; Parameter Settings for User Entity Instance: registradorGenerico:PC ;
+----------------+-------+--------------------------------------------+
; Parameter Name ; Value ; Type                                       ;
+----------------+-------+--------------------------------------------+
; larguradados   ; 32    ; Signed Integer                             ;
+----------------+-------+--------------------------------------------+
Note: In order to hide this table in the UI and the text report file, please set the "Show Parameter Settings in Synthesis Report" option in "Analysis and Synthesis Settings -> More Settings" to "Off".


+-------------------------------------------------------------------------+
; Parameter Settings for User Entity Instance: somaConstante:incrementaPC ;
+----------------+-------+------------------------------------------------+
; Parameter Name ; Value ; Type                                           ;
+----------------+-------+------------------------------------------------+
; larguradados   ; 32    ; Signed Integer                                 ;
; constante      ; 4     ; Signed Integer                                 ;
+----------------+-------+------------------------------------------------+
Note: In order to hide this table in the UI and the text report file, please set the "Show Parameter Settings in Synthesis Report" option in "Analysis and Synthesis Settings -> More Settings" to "Off".


+----------------------------------------------------------+
; Parameter Settings for User Entity Instance: ROMMIPS:ROM ;
+-----------------+-------+--------------------------------+
; Parameter Name  ; Value ; Type                           ;
+-----------------+-------+--------------------------------+
; datawidth       ; 32    ; Signed Integer                 ;
; addrwidth       ; 32    ; Signed Integer                 ;
; memoryaddrwidth ; 6     ; Signed Integer                 ;
+-----------------+-------+--------------------------------+
Note: In order to hide this table in the UI and the text report file, please set the "Show Parameter Settings in Synthesis Report" option in "Analysis and Synthesis Settings -> More Settings" to "Off".


+-----------------------------------------------------------------------+
; Parameter Settings for User Entity Instance: muxGenerico2x1:MUX_RT_RD ;
+----------------+-------+----------------------------------------------+
; Parameter Name ; Value ; Type                                         ;
+----------------+-------+----------------------------------------------+
; larguradados   ; 5     ; Signed Integer                               ;
+----------------+-------+----------------------------------------------+
Note: In order to hide this table in the UI and the text report file, please set the "Show Parameter Settings in Synthesis Report" option in "Analysis and Synthesis Settings -> More Settings" to "Off".


+---------------------------------------------------------------------------+
; Parameter Settings for User Entity Instance: bancoReg:BANCO_REGISTRADORES ;
+---------------------+-------+---------------------------------------------+
; Parameter Name      ; Value ; Type                                        ;
+---------------------+-------+---------------------------------------------+
; larguradados        ; 32    ; Signed Integer                              ;
; larguraendbancoregs ; 5     ; Signed Integer                              ;
+---------------------+-------+---------------------------------------------+
Note: In order to hide this table in the UI and the text report file, please set the "Show Parameter Settings in Synthesis Report" option in "Analysis and Synthesis Settings -> More Settings" to "Off".


+-----------------------------------------------------------------------------+
; Parameter Settings for User Entity Instance: muxGenerico2x1:MUX_RT_IMEDIATO ;
+----------------+-------+----------------------------------------------------+
; Parameter Name ; Value ; Type                                               ;
+----------------+-------+----------------------------------------------------+
; larguradados   ; 32    ; Signed Integer                                     ;
+----------------+-------+----------------------------------------------------+
Note: In order to hide this table in the UI and the text report file, please set the "Show Parameter Settings in Synthesis Report" option in "Analysis and Synthesis Settings -> More Settings" to "Off".


+------------------------------------------------------+
; Parameter Settings for User Entity Instance: ULA:ULA ;
+----------------+-------+-----------------------------+
; Parameter Name ; Value ; Type                        ;
+----------------+-------+-----------------------------+
; larguradados   ; 32    ; Signed Integer              ;
+----------------+-------+-----------------------------+
Note: In order to hide this table in the UI and the text report file, please set the "Show Parameter Settings in Synthesis Report" option in "Analysis and Synthesis Settings -> More Settings" to "Off".


+-------------------------------------------------------------------------+
; Parameter Settings for User Entity Instance: muxGenerico2x1:MUX_ULA_RAM ;
+----------------+-------+------------------------------------------------+
; Parameter Name ; Value ; Type                                           ;
+----------------+-------+------------------------------------------------+
; larguradados   ; 32    ; Signed Integer                                 ;
+----------------+-------+------------------------------------------------+
Note: In order to hide this table in the UI and the text report file, please set the "Show Parameter Settings in Synthesis Report" option in "Analysis and Synthesis Settings -> More Settings" to "Off".


+------------------------------------------------------------------------------------------------------------+
; Parameter Settings for User Entity Instance: unidadeControleULA:UNIDADE_CONTROLE_ULA|muxGenerico2x1:MUX2_1 ;
+----------------+-------+-----------------------------------------------------------------------------------+
; Parameter Name ; Value ; Type                                                                              ;
+----------------+-------+-----------------------------------------------------------------------------------+
; larguradados   ; 3     ; Signed Integer                                                                    ;
+----------------+-------+-----------------------------------------------------------------------------------+
Note: In order to hide this table in the UI and the text report file, please set the "Show Parameter Settings in Synthesis Report" option in "Analysis and Synthesis Settings -> More Settings" to "Off".


+----------------------------------------------------------------------------------+
; Parameter Settings for User Entity Instance: estendeSinalGenerico:EXTENSOR_SINAL ;
+--------------------+-------+-----------------------------------------------------+
; Parameter Name     ; Value ; Type                                                ;
+--------------------+-------+-----------------------------------------------------+
; larguradadoentrada ; 16    ; Signed Integer                                      ;
; larguradadosaida   ; 32    ; Signed Integer                                      ;
+--------------------+-------+-----------------------------------------------------+
Note: In order to hide this table in the UI and the text report file, please set the "Show Parameter Settings in Synthesis Report" option in "Analysis and Synthesis Settings -> More Settings" to "Off".


+--------------------------------------------------------------+
; Parameter Settings for User Entity Instance: shifter:SHIFTER ;
+----------------+-------+-------------------------------------+
; Parameter Name ; Value ; Type                                ;
+----------------+-------+-------------------------------------+
; larguradado    ; 32    ; Signed Integer                      ;
+----------------+-------+-------------------------------------+
Note: In order to hide this table in the UI and the text report file, please set the "Show Parameter Settings in Synthesis Report" option in "Analysis and Synthesis Settings -> More Settings" to "Off".


+----------------------------------------------------------------------+
; Parameter Settings for User Entity Instance: somadorGenerico:SOMADOR ;
+----------------+-------+---------------------------------------------+
; Parameter Name ; Value ; Type                                        ;
+----------------+-------+---------------------------------------------+
; larguradados   ; 32    ; Signed Integer                              ;
+----------------+-------+---------------------------------------------+
Note: In order to hide this table in the UI and the text report file, please set the "Show Parameter Settings in Synthesis Report" option in "Analysis and Synthesis Settings -> More Settings" to "Off".


+-------------------------------------------------------------------+
; Parameter Settings for User Entity Instance: muxGenerico2x1:MUXPC ;
+----------------+-------+------------------------------------------+
; Parameter Name ; Value ; Type                                     ;
+----------------+-------+------------------------------------------+
; larguradados   ; 32    ; Signed Integer                           ;
+----------------+-------+------------------------------------------+
Note: In order to hide this table in the UI and the text report file, please set the "Show Parameter Settings in Synthesis Report" option in "Analysis and Synthesis Settings -> More Settings" to "Off".


+----------------------------------------------------------------------------+
; Parameter Settings for User Entity Instance: muxGenerico2x1:MUX_PC_BEQ_JMP ;
+----------------+-------+---------------------------------------------------+
; Parameter Name ; Value ; Type                                              ;
+----------------+-------+---------------------------------------------------+
; larguradados   ; 32    ; Signed Integer                                    ;
+----------------+-------+---------------------------------------------------+
Note: In order to hide this table in the UI and the text report file, please set the "Show Parameter Settings in Synthesis Report" option in "Analysis and Synthesis Settings -> More Settings" to "Off".


+----------------------------------------------------------+
; Parameter Settings for User Entity Instance: RAMMIPS:RAM ;
+-----------------+-------+--------------------------------+
; Parameter Name  ; Value ; Type                           ;
+-----------------+-------+--------------------------------+
; datawidth       ; 32    ; Signed Integer                 ;
; addrwidth       ; 32    ; Signed Integer                 ;
; memoryaddrwidth ; 6     ; Signed Integer                 ;
+-----------------+-------+--------------------------------+
Note: In order to hide this table in the UI and the text report file, please set the "Show Parameter Settings in Synthesis Report" option in "Analysis and Synthesis Settings -> More Settings" to "Off".


+------------------------------------------------------------------------+
; Parameter Settings for User Entity Instance: muxGenerico2x1:MUX_PC_ULA ;
+----------------+-------+-----------------------------------------------+
; Parameter Name ; Value ; Type                                          ;
+----------------+-------+-----------------------------------------------+
; larguradados   ; 32    ; Signed Integer                                ;
+----------------+-------+-----------------------------------------------+
Note: In order to hide this table in the UI and the text report file, please set the "Show Parameter Settings in Synthesis Report" option in "Analysis and Synthesis Settings -> More Settings" to "Off".


+-----------------------------------------------------------------------------------------------------+
; Port Connectivity Checks: "logicaDisplay:DISPLAY|display7Seg:DISPLAY0|conversorHex7Seg:DECODER7SEG" ;
+----------+-------+----------+-----------------------------------------------------------------------+
; Port     ; Type  ; Severity ; Details                                                               ;
+----------+-------+----------+-----------------------------------------------------------------------+
; apaga    ; Input ; Info     ; Stuck at GND                                                          ;
; negativo ; Input ; Info     ; Stuck at GND                                                          ;
; overflow ; Input ; Info     ; Stuck at GND                                                          ;
+----------+-------+----------+-----------------------------------------------------------------------+


+-----------------------------------------------------------+
; Port Connectivity Checks: "muxGenerico2x1:MUX_PC_BEQ_JMP" ;
+--------------------+-------+----------+-------------------+
; Port               ; Type  ; Severity ; Details           ;
+--------------------+-------+----------+-------------------+
; entradab_mux[1..0] ; Input ; Info     ; Stuck at GND      ;
+--------------------+-------+----------+-------------------+


+--------------------------------------------------------------------------------------+
; Port Connectivity Checks: "ULA:ULA|ULA_bit_inicial:BIT31|muxGenerico4x1_1bit:MUX4_1" ;
+--------------+-------+----------+----------------------------------------------------+
; Port         ; Type  ; Severity ; Details                                            ;
+--------------+-------+----------+----------------------------------------------------+
; entradad_mux ; Input ; Info     ; Stuck at GND                                       ;
+--------------+-------+----------+----------------------------------------------------+


+-------------------------------------------------------------------------------+
; Port Connectivity Checks: "ULA:ULA|ULA_1_bit:BIT1|muxGenerico4x1_1bit:MUX4_1" ;
+--------------+-------+----------+---------------------------------------------+
; Port         ; Type  ; Severity ; Details                                     ;
+--------------+-------+----------+---------------------------------------------+
; entradad_mux ; Input ; Info     ; Stuck at GND                                ;
+--------------+-------+----------+---------------------------------------------+


+----------------------------------------------------+
; Port Connectivity Checks: "registradorGenerico:PC" ;
+--------+-------+----------+------------------------+
; Port   ; Type  ; Severity ; Details                ;
+--------+-------+----------+------------------------+
; enable ; Input ; Info     ; Stuck at VCC           ;
; rst    ; Input ; Info     ; Stuck at GND           ;
+--------+-------+----------+------------------------+


+-----------------------------------------------------+
; Post-Synthesis Netlist Statistics for Top Partition ;
+-----------------------+-----------------------------+
; Type                  ; Count                       ;
+-----------------------+-----------------------------+
; arriav_ff             ; 31                          ;
;     plain             ; 31                          ;
; arriav_lcell_comb     ; 143                         ;
;     arith             ; 60                          ;
;         1 data inputs ; 30                          ;
;         2 data inputs ; 25                          ;
;         3 data inputs ; 2                           ;
;         4 data inputs ; 3                           ;
;     normal            ; 83                          ;
;         0 data inputs ; 1                           ;
;         1 data inputs ; 2                           ;
;         2 data inputs ; 5                           ;
;         3 data inputs ; 4                           ;
;         4 data inputs ; 61                          ;
;         6 data inputs ; 10                          ;
; boundary_port         ; 67                          ;
;                       ;                             ;
; Max LUT depth         ; 5.90                        ;
; Average LUT depth     ; 4.32                        ;
+-----------------------+-----------------------------+


+-------------------------------+
; Elapsed Time Per Partition    ;
+----------------+--------------+
; Partition Name ; Elapsed Time ;
+----------------+--------------+
; Top            ; 00:00:00     ;
+----------------+--------------+


+-------------------------------+
; Analysis & Synthesis Messages ;
+-------------------------------+
Info: *******************************************************************
Info: Running Quartus Prime Analysis & Synthesis
    Info: Version 20.1.0 Build 711 06/05/2020 SJ Lite Edition
    Info: Processing started: Tue Nov 22 17:20:30 2022
Info: Command: quartus_map --read_settings_files=on --write_settings_files=off CicloUnico -c CicloUnico
Warning (18236): Number of processors has not been specified which may cause overloading on shared machines.  Set the global assignment NUM_PARALLEL_PROCESSORS in your QSF to an appropriate value for best performance.
Info (20030): Parallel compilation is enabled and will use 4 of the 4 processors detected
Info (12021): Found 2 design units, including 1 entities, in source file logicadisplay.vhd
    Info (12022): Found design unit 1: logicaDisplay-comportamento File: C:/Users/nicol/Desktop/insper/6_semestre/descomp/design_computadores/projeto2/entrega_intermediaria/logicaDisplay.vhd Line: 16
    Info (12023): Found entity 1: logicaDisplay File: C:/Users/nicol/Desktop/insper/6_semestre/descomp/design_computadores/projeto2/entrega_intermediaria/logicaDisplay.vhd Line: 4
Info (12021): Found 2 design units, including 1 entities, in source file display7seg.vhd
    Info (12022): Found design unit 1: display7Seg-comportamento File: C:/Users/nicol/Desktop/insper/6_semestre/descomp/design_computadores/projeto2/entrega_intermediaria/display7Seg.vhd Line: 12
    Info (12023): Found entity 1: display7Seg File: C:/Users/nicol/Desktop/insper/6_semestre/descomp/design_computadores/projeto2/entrega_intermediaria/display7Seg.vhd Line: 4
Info (12021): Found 2 design units, including 1 entities, in source file conversorhex7seg.vhd
    Info (12022): Found design unit 1: conversorHex7Seg-comportamento File: C:/Users/nicol/Desktop/insper/6_semestre/descomp/design_computadores/projeto2/entrega_intermediaria/conversorHex7Seg.vhd Line: 17
    Info (12023): Found entity 1: conversorHex7Seg File: C:/Users/nicol/Desktop/insper/6_semestre/descomp/design_computadores/projeto2/entrega_intermediaria/conversorHex7Seg.vhd Line: 4
Info (12021): Found 2 design units, including 1 entities, in source file muxgenerico2x1.vhd
    Info (12022): Found design unit 1: muxGenerico2x1-comportamento File: C:/Users/nicol/Desktop/insper/6_semestre/descomp/design_computadores/projeto2/entrega_intermediaria/muxGenerico2x1.vhd Line: 14
    Info (12023): Found entity 1: muxGenerico2x1 File: C:/Users/nicol/Desktop/insper/6_semestre/descomp/design_computadores/projeto2/entrega_intermediaria/muxGenerico2x1.vhd Line: 4
Info (12021): Found 2 design units, including 1 entities, in source file muxgenerico4x1_1bit.vhd
    Info (12022): Found design unit 1: muxGenerico4x1_1bit-comportamento File: C:/Users/nicol/Desktop/insper/6_semestre/descomp/design_computadores/projeto2/entrega_intermediaria/muxGenerico4x1_1bit.vhd Line: 13
    Info (12023): Found entity 1: muxGenerico4x1_1bit File: C:/Users/nicol/Desktop/insper/6_semestre/descomp/design_computadores/projeto2/entrega_intermediaria/muxGenerico4x1_1bit.vhd Line: 4
Info (12021): Found 2 design units, including 1 entities, in source file muxgenerico2x1_1bit.vhd
    Info (12022): Found design unit 1: muxGenerico2x1_1bit-comportamento File: C:/Users/nicol/Desktop/insper/6_semestre/descomp/design_computadores/projeto2/entrega_intermediaria/muxGenerico2x1_1bit.vhd Line: 13
    Info (12023): Found entity 1: muxGenerico2x1_1bit File: C:/Users/nicol/Desktop/insper/6_semestre/descomp/design_computadores/projeto2/entrega_intermediaria/muxGenerico2x1_1bit.vhd Line: 4
Info (12021): Found 2 design units, including 1 entities, in source file unidadecontrole.vhd
    Info (12022): Found design unit 1: unidadeControle-comportamento File: C:/Users/nicol/Desktop/insper/6_semestre/descomp/design_computadores/projeto2/entrega_intermediaria/unidadeControle.vhd Line: 10
    Info (12023): Found entity 1: unidadeControle File: C:/Users/nicol/Desktop/insper/6_semestre/descomp/design_computadores/projeto2/entrega_intermediaria/unidadeControle.vhd Line: 4
Info (12021): Found 2 design units, including 1 entities, in source file ula_bit_inicial.vhd
    Info (12022): Found design unit 1: ULA_bit_inicial-comportamento File: C:/Users/nicol/Desktop/insper/6_semestre/descomp/design_computadores/projeto2/entrega_intermediaria/ULA_bit_inicial.vhd Line: 18
    Info (12023): Found entity 1: ULA_bit_inicial File: C:/Users/nicol/Desktop/insper/6_semestre/descomp/design_computadores/projeto2/entrega_intermediaria/ULA_bit_inicial.vhd Line: 4
Info (12021): Found 2 design units, including 1 entities, in source file ula_bit_final.vhd
    Info (12022): Found design unit 1: ULA_bit_final-comportamento File: C:/Users/nicol/Desktop/insper/6_semestre/descomp/design_computadores/projeto2/entrega_intermediaria/ULA_bit_final.vhd Line: 19
    Info (12023): Found entity 1: ULA_bit_final File: C:/Users/nicol/Desktop/insper/6_semestre/descomp/design_computadores/projeto2/entrega_intermediaria/ULA_bit_final.vhd Line: 4
Info (12021): Found 2 design units, including 1 entities, in source file ula_1_bit.vhd
    Info (12022): Found design unit 1: ULA_1_bit-comportamento File: C:/Users/nicol/Desktop/insper/6_semestre/descomp/design_computadores/projeto2/entrega_intermediaria/ULA_1_bit.vhd Line: 18
    Info (12023): Found entity 1: ULA_1_bit File: C:/Users/nicol/Desktop/insper/6_semestre/descomp/design_computadores/projeto2/entrega_intermediaria/ULA_1_bit.vhd Line: 4
Info (12021): Found 2 design units, including 1 entities, in source file ula.vhd
    Info (12022): Found design unit 1: ULA-arquitetura File: C:/Users/nicol/Desktop/insper/6_semestre/descomp/design_computadores/projeto2/entrega_intermediaria/ULA.vhd Line: 21
    Info (12023): Found entity 1: ULA File: C:/Users/nicol/Desktop/insper/6_semestre/descomp/design_computadores/projeto2/entrega_intermediaria/ULA.vhd Line: 4
Info (12021): Found 2 design units, including 1 entities, in source file somadorgenerico.vhd
    Info (12022): Found design unit 1: somadorGenerico-comportamento File: C:/Users/nicol/Desktop/insper/6_semestre/descomp/design_computadores/projeto2/entrega_intermediaria/somadorGenerico.vhd Line: 17
    Info (12023): Found entity 1: somadorGenerico File: C:/Users/nicol/Desktop/insper/6_semestre/descomp/design_computadores/projeto2/entrega_intermediaria/somadorGenerico.vhd Line: 5
Info (12021): Found 2 design units, including 1 entities, in source file somadorcompleto.vhd
    Info (12022): Found design unit 1: somadorCompleto-comportamento File: C:/Users/nicol/Desktop/insper/6_semestre/descomp/design_computadores/projeto2/entrega_intermediaria/somadorCompleto.vhd Line: 13
    Info (12023): Found entity 1: somadorCompleto File: C:/Users/nicol/Desktop/insper/6_semestre/descomp/design_computadores/projeto2/entrega_intermediaria/somadorCompleto.vhd Line: 4
Info (12021): Found 2 design units, including 1 entities, in source file somaconstante.vhd
    Info (12022): Found design unit 1: somaConstante-comportamento File: C:/Users/nicol/Desktop/insper/6_semestre/descomp/design_computadores/projeto2/entrega_intermediaria/somaConstante.vhd Line: 18
    Info (12023): Found entity 1: somaConstante File: C:/Users/nicol/Desktop/insper/6_semestre/descomp/design_computadores/projeto2/entrega_intermediaria/somaConstante.vhd Line: 5
Info (12021): Found 2 design units, including 1 entities, in source file shifter.vhd
    Info (12022): Found design unit 1: shifter-comportamento File: C:/Users/nicol/Desktop/insper/6_semestre/descomp/design_computadores/projeto2/entrega_intermediaria/shifter.vhd Line: 18
    Info (12023): Found entity 1: shifter File: C:/Users/nicol/Desktop/insper/6_semestre/descomp/design_computadores/projeto2/entrega_intermediaria/shifter.vhd Line: 4
Info (12021): Found 2 design units, including 1 entities, in source file rommips.vhd
    Info (12022): Found design unit 1: ROMMIPS-assincrona File: C:/Users/nicol/Desktop/insper/6_semestre/descomp/design_computadores/projeto2/entrega_intermediaria/ROMMIPS.vhd Line: 15
    Info (12023): Found entity 1: ROMMIPS File: C:/Users/nicol/Desktop/insper/6_semestre/descomp/design_computadores/projeto2/entrega_intermediaria/ROMMIPS.vhd Line: 5
Info (12021): Found 2 design units, including 1 entities, in source file registradorgenerico.vhd
    Info (12022): Found design unit 1: registradorGenerico-comportamento File: C:/Users/nicol/Desktop/insper/6_semestre/descomp/design_computadores/projeto2/entrega_intermediaria/registradorGenerico.vhd Line: 15
    Info (12023): Found entity 1: registradorGenerico File: C:/Users/nicol/Desktop/insper/6_semestre/descomp/design_computadores/projeto2/entrega_intermediaria/registradorGenerico.vhd Line: 4
Info (12021): Found 2 design units, including 1 entities, in source file rammips.vhd
    Info (12022): Found design unit 1: RAMMIPS-assincrona File: C:/Users/nicol/Desktop/insper/6_semestre/descomp/design_computadores/projeto2/entrega_intermediaria/RAMMIPS.vhd Line: 18
    Info (12023): Found entity 1: RAMMIPS File: C:/Users/nicol/Desktop/insper/6_semestre/descomp/design_computadores/projeto2/entrega_intermediaria/RAMMIPS.vhd Line: 5
Info (12021): Found 2 design units, including 1 entities, in source file estendesinalgenerico.vhd
    Info (12022): Found design unit 1: estendeSinalGenerico-comportamento File: C:/Users/nicol/Desktop/insper/6_semestre/descomp/design_computadores/projeto2/entrega_intermediaria/estendeSinalGenerico.vhd Line: 19
    Info (12023): Found entity 1: estendeSinalGenerico File: C:/Users/nicol/Desktop/insper/6_semestre/descomp/design_computadores/projeto2/entrega_intermediaria/estendeSinalGenerico.vhd Line: 4
Info (12021): Found 3 design units, including 1 entities, in source file edgedetector.vhd
    Info (12022): Found design unit 1: edgeDetector-bordaSubida File: C:/Users/nicol/Desktop/insper/6_semestre/descomp/design_computadores/projeto2/entrega_intermediaria/edgeDetector.vhd Line: 10
    Info (12022): Found design unit 2: edgeDetector-bordaDescida File: C:/Users/nicol/Desktop/insper/6_semestre/descomp/design_computadores/projeto2/entrega_intermediaria/edgeDetector.vhd Line: 23
    Info (12023): Found entity 1: edgeDetector File: C:/Users/nicol/Desktop/insper/6_semestre/descomp/design_computadores/projeto2/entrega_intermediaria/edgeDetector.vhd Line: 4
Info (12021): Found 2 design units, including 1 entities, in source file bancoreg.vhd
    Info (12022): Found design unit 1: bancoReg-comportamento File: C:/Users/nicol/Desktop/insper/6_semestre/descomp/design_computadores/projeto2/entrega_intermediaria/bancoReg.vhd Line: 30
    Info (12023): Found entity 1: bancoReg File: C:/Users/nicol/Desktop/insper/6_semestre/descomp/design_computadores/projeto2/entrega_intermediaria/bancoReg.vhd Line: 7
Info (12021): Found 2 design units, including 1 entities, in source file ciclounico.vhd
    Info (12022): Found design unit 1: CicloUnico-arquitetura File: C:/Users/nicol/Desktop/insper/6_semestre/descomp/design_computadores/projeto2/entrega_intermediaria/CicloUnico.vhd Line: 26
    Info (12023): Found entity 1: CicloUnico File: C:/Users/nicol/Desktop/insper/6_semestre/descomp/design_computadores/projeto2/entrega_intermediaria/CicloUnico.vhd Line: 4
Info (12021): Found 2 design units, including 1 entities, in source file unidadecontroleula.vhd
    Info (12022): Found design unit 1: unidadeControleULA-comportamento File: C:/Users/nicol/Desktop/insper/6_semestre/descomp/design_computadores/projeto2/entrega_intermediaria/unidadeControleULA.vhd Line: 14
    Info (12023): Found entity 1: unidadeControleULA File: C:/Users/nicol/Desktop/insper/6_semestre/descomp/design_computadores/projeto2/entrega_intermediaria/unidadeControleULA.vhd Line: 4
Info (12021): Found 2 design units, including 1 entities, in source file decoderopcodeula.vhd
    Info (12022): Found design unit 1: decoderOpCodeULA-comportamento File: C:/Users/nicol/Desktop/insper/6_semestre/descomp/design_computadores/projeto2/entrega_intermediaria/decoderOpCodeULA.vhd Line: 10
    Info (12023): Found entity 1: decoderOpCodeULA File: C:/Users/nicol/Desktop/insper/6_semestre/descomp/design_computadores/projeto2/entrega_intermediaria/decoderOpCodeULA.vhd Line: 4
Info (12021): Found 2 design units, including 1 entities, in source file decoderfunctula.vhd
    Info (12022): Found design unit 1: decoderFunctULA-comportamento File: C:/Users/nicol/Desktop/insper/6_semestre/descomp/design_computadores/projeto2/entrega_intermediaria/decoderFunctULA.vhd Line: 10
    Info (12023): Found entity 1: decoderFunctULA File: C:/Users/nicol/Desktop/insper/6_semestre/descomp/design_computadores/projeto2/entrega_intermediaria/decoderFunctULA.vhd Line: 4
Info (12127): Elaborating entity "CicloUnico" for the top level hierarchy
Warning (10873): Using initial value X (don't care) for net "LEDR[9..8]" at CicloUnico.vhd(15) File: C:/Users/nicol/Desktop/insper/6_semestre/descomp/design_computadores/projeto2/entrega_intermediaria/CicloUnico.vhd Line: 15
Info (12129): Elaborating entity "edgeDetector" using architecture "A:bordasubida" for hierarchy "edgeDetector:detectorSub0" File: C:/Users/nicol/Desktop/insper/6_semestre/descomp/design_computadores/projeto2/entrega_intermediaria/CicloUnico.vhd Line: 83
Info (12128): Elaborating entity "registradorGenerico" for hierarchy "registradorGenerico:PC" File: C:/Users/nicol/Desktop/insper/6_semestre/descomp/design_computadores/projeto2/entrega_intermediaria/CicloUnico.vhd Line: 110
Info (12128): Elaborating entity "somaConstante" for hierarchy "somaConstante:incrementaPC" File: C:/Users/nicol/Desktop/insper/6_semestre/descomp/design_computadores/projeto2/entrega_intermediaria/CicloUnico.vhd Line: 114
Info (12128): Elaborating entity "ROMMIPS" for hierarchy "ROMMIPS:ROM" File: C:/Users/nicol/Desktop/insper/6_semestre/descomp/design_computadores/projeto2/entrega_intermediaria/CicloUnico.vhd Line: 118
Warning (10541): VHDL Signal Declaration warning at ROMMIPS.vhd(18): used implicit default value for signal "memROM" because signal was never assigned a value or an explicit default value. Use of implicit default value may introduce unintended design optimizations. File: C:/Users/nicol/Desktop/insper/6_semestre/descomp/design_computadores/projeto2/entrega_intermediaria/ROMMIPS.vhd Line: 18
Info (12128): Elaborating entity "muxGenerico2x1" for hierarchy "muxGenerico2x1:MUX_RT_RD" File: C:/Users/nicol/Desktop/insper/6_semestre/descomp/design_computadores/projeto2/entrega_intermediaria/CicloUnico.vhd Line: 122
Info (12128): Elaborating entity "bancoReg" for hierarchy "bancoReg:BANCO_REGISTRADORES" File: C:/Users/nicol/Desktop/insper/6_semestre/descomp/design_computadores/projeto2/entrega_intermediaria/CicloUnico.vhd Line: 126
Info (12128): Elaborating entity "muxGenerico2x1" for hierarchy "muxGenerico2x1:MUX_RT_IMEDIATO" File: C:/Users/nicol/Desktop/insper/6_semestre/descomp/design_computadores/projeto2/entrega_intermediaria/CicloUnico.vhd Line: 136
Info (12128): Elaborating entity "ULA" for hierarchy "ULA:ULA" File: C:/Users/nicol/Desktop/insper/6_semestre/descomp/design_computadores/projeto2/entrega_intermediaria/CicloUnico.vhd Line: 140
Info (12128): Elaborating entity "ULA_bit_final" for hierarchy "ULA:ULA|ULA_bit_final:BIT0" File: C:/Users/nicol/Desktop/insper/6_semestre/descomp/design_computadores/projeto2/entrega_intermediaria/ULA.vhd Line: 58
Warning (10541): VHDL Signal Declaration warning at ULA_bit_final.vhd(14): used implicit default value for signal "Saida" because signal was never assigned a value or an explicit default value. Use of implicit default value may introduce unintended design optimizations. File: C:/Users/nicol/Desktop/insper/6_semestre/descomp/design_computadores/projeto2/entrega_intermediaria/ULA_bit_final.vhd Line: 14
Info (12128): Elaborating entity "muxGenerico2x1_1bit" for hierarchy "ULA:ULA|ULA_bit_final:BIT0|muxGenerico2x1_1bit:MUX2_1" File: C:/Users/nicol/Desktop/insper/6_semestre/descomp/design_computadores/projeto2/entrega_intermediaria/ULA_bit_final.vhd Line: 28
Info (12128): Elaborating entity "somadorCompleto" for hierarchy "ULA:ULA|ULA_bit_final:BIT0|somadorCompleto:SOMADOR" File: C:/Users/nicol/Desktop/insper/6_semestre/descomp/design_computadores/projeto2/entrega_intermediaria/ULA_bit_final.vhd Line: 32
Info (12128): Elaborating entity "muxGenerico4x1_1bit" for hierarchy "ULA:ULA|ULA_bit_final:BIT0|muxGenerico4x1_1bit:MUX4_1" File: C:/Users/nicol/Desktop/insper/6_semestre/descomp/design_computadores/projeto2/entrega_intermediaria/ULA_bit_final.vhd Line: 36
Info (12128): Elaborating entity "ULA_1_bit" for hierarchy "ULA:ULA|ULA_1_bit:BIT1" File: C:/Users/nicol/Desktop/insper/6_semestre/descomp/design_computadores/projeto2/entrega_intermediaria/ULA.vhd Line: 62
Warning (10541): VHDL Signal Declaration warning at ULA_1_bit.vhd(13): used implicit default value for signal "Saida" because signal was never assigned a value or an explicit default value. Use of implicit default value may introduce unintended design optimizations. File: C:/Users/nicol/Desktop/insper/6_semestre/descomp/design_computadores/projeto2/entrega_intermediaria/ULA_1_bit.vhd Line: 13
Info (12128): Elaborating entity "ULA_bit_inicial" for hierarchy "ULA:ULA|ULA_bit_inicial:BIT31" File: C:/Users/nicol/Desktop/insper/6_semestre/descomp/design_computadores/projeto2/entrega_intermediaria/ULA.vhd Line: 182
Warning (10541): VHDL Signal Declaration warning at ULA_bit_inicial.vhd(13): used implicit default value for signal "Saida" because signal was never assigned a value or an explicit default value. Use of implicit default value may introduce unintended design optimizations. File: C:/Users/nicol/Desktop/insper/6_semestre/descomp/design_computadores/projeto2/entrega_intermediaria/ULA_bit_inicial.vhd Line: 13
Info (12128): Elaborating entity "unidadeControle" for hierarchy "unidadeControle:UNIDADE_CONTROLE" File: C:/Users/nicol/Desktop/insper/6_semestre/descomp/design_computadores/projeto2/entrega_intermediaria/CicloUnico.vhd Line: 151
Info (12128): Elaborating entity "unidadeControleULA" for hierarchy "unidadeControleULA:UNIDADE_CONTROLE_ULA" File: C:/Users/nicol/Desktop/insper/6_semestre/descomp/design_computadores/projeto2/entrega_intermediaria/CicloUnico.vhd Line: 154
Info (12128): Elaborating entity "decoderOpCodeULA" for hierarchy "unidadeControleULA:UNIDADE_CONTROLE_ULA|decoderOpCodeULA:DECODER_OPCODE" File: C:/Users/nicol/Desktop/insper/6_semestre/descomp/design_computadores/projeto2/entrega_intermediaria/unidadeControleULA.vhd Line: 19
Info (12128): Elaborating entity "decoderFunctULA" for hierarchy "unidadeControleULA:UNIDADE_CONTROLE_ULA|decoderFunctULA:DECODER_FUNCT" File: C:/Users/nicol/Desktop/insper/6_semestre/descomp/design_computadores/projeto2/entrega_intermediaria/unidadeControleULA.vhd Line: 22
Info (12128): Elaborating entity "muxGenerico2x1" for hierarchy "unidadeControleULA:UNIDADE_CONTROLE_ULA|muxGenerico2x1:MUX2_1" File: C:/Users/nicol/Desktop/insper/6_semestre/descomp/design_computadores/projeto2/entrega_intermediaria/unidadeControleULA.vhd Line: 25
Info (12128): Elaborating entity "estendeSinalGenerico" for hierarchy "estendeSinalGenerico:EXTENSOR_SINAL" File: C:/Users/nicol/Desktop/insper/6_semestre/descomp/design_computadores/projeto2/entrega_intermediaria/CicloUnico.vhd Line: 158
Info (12128): Elaborating entity "shifter" for hierarchy "shifter:SHIFTER" File: C:/Users/nicol/Desktop/insper/6_semestre/descomp/design_computadores/projeto2/entrega_intermediaria/CicloUnico.vhd Line: 162
Info (12128): Elaborating entity "somadorGenerico" for hierarchy "somadorGenerico:SOMADOR" File: C:/Users/nicol/Desktop/insper/6_semestre/descomp/design_computadores/projeto2/entrega_intermediaria/CicloUnico.vhd Line: 167
Info (12128): Elaborating entity "RAMMIPS" for hierarchy "RAMMIPS:RAM" File: C:/Users/nicol/Desktop/insper/6_semestre/descomp/design_computadores/projeto2/entrega_intermediaria/CicloUnico.vhd Line: 178
Info (12128): Elaborating entity "logicaDisplay" for hierarchy "logicaDisplay:DISPLAY" File: C:/Users/nicol/Desktop/insper/6_semestre/descomp/design_computadores/projeto2/entrega_intermediaria/CicloUnico.vhd Line: 191
Info (12128): Elaborating entity "display7Seg" for hierarchy "logicaDisplay:DISPLAY|display7Seg:DISPLAY0" File: C:/Users/nicol/Desktop/insper/6_semestre/descomp/design_computadores/projeto2/entrega_intermediaria/logicaDisplay.vhd Line: 27
Info (12128): Elaborating entity "conversorHex7Seg" for hierarchy "logicaDisplay:DISPLAY|display7Seg:DISPLAY0|conversorHex7Seg:DECODER7SEG" File: C:/Users/nicol/Desktop/insper/6_semestre/descomp/design_computadores/projeto2/entrega_intermediaria/display7Seg.vhd Line: 18
Info (276014): Found 1 instances of uninferred RAM logic
    Info (276004): RAM logic "ROMMIPS:ROM|memROM" is uninferred due to inappropriate RAM size File: C:/Users/nicol/Desktop/insper/6_semestre/descomp/design_computadores/projeto2/entrega_intermediaria/ROMMIPS.vhd Line: 18
Warning (13024): Output pins are stuck at VCC or GND
    Warning (13410): Pin "LEDR[8]" is stuck at GND File: C:/Users/nicol/Desktop/insper/6_semestre/descomp/design_computadores/projeto2/entrega_intermediaria/CicloUnico.vhd Line: 15
    Warning (13410): Pin "LEDR[9]" is stuck at GND File: C:/Users/nicol/Desktop/insper/6_semestre/descomp/design_computadores/projeto2/entrega_intermediaria/CicloUnico.vhd Line: 15
    Warning (13410): Pin "HEX0[5]" is stuck at GND File: C:/Users/nicol/Desktop/insper/6_semestre/descomp/design_computadores/projeto2/entrega_intermediaria/CicloUnico.vhd Line: 16
Info (286030): Timing-Driven Synthesis is running
Info (16010): Generating hard_block partition "hard_block:auto_generated_inst"
    Info (16011): Adding 0 node(s), including 0 DDIO, 0 PLL, 0 transceiver and 0 LCELL
Warning (21074): Design contains 13 input pin(s) that do not drive logic
    Warning (15610): No output dependent on input pin "KEY[1]" File: C:/Users/nicol/Desktop/insper/6_semestre/descomp/design_computadores/projeto2/entrega_intermediaria/CicloUnico.vhd Line: 13
    Warning (15610): No output dependent on input pin "KEY[2]" File: C:/Users/nicol/Desktop/insper/6_semestre/descomp/design_computadores/projeto2/entrega_intermediaria/CicloUnico.vhd Line: 13
    Warning (15610): No output dependent on input pin "KEY[3]" File: C:/Users/nicol/Desktop/insper/6_semestre/descomp/design_computadores/projeto2/entrega_intermediaria/CicloUnico.vhd Line: 13
    Warning (15610): No output dependent on input pin "SW[1]" File: C:/Users/nicol/Desktop/insper/6_semestre/descomp/design_computadores/projeto2/entrega_intermediaria/CicloUnico.vhd Line: 14
    Warning (15610): No output dependent on input pin "SW[2]" File: C:/Users/nicol/Desktop/insper/6_semestre/descomp/design_computadores/projeto2/entrega_intermediaria/CicloUnico.vhd Line: 14
    Warning (15610): No output dependent on input pin "SW[3]" File: C:/Users/nicol/Desktop/insper/6_semestre/descomp/design_computadores/projeto2/entrega_intermediaria/CicloUnico.vhd Line: 14
    Warning (15610): No output dependent on input pin "SW[4]" File: C:/Users/nicol/Desktop/insper/6_semestre/descomp/design_computadores/projeto2/entrega_intermediaria/CicloUnico.vhd Line: 14
    Warning (15610): No output dependent on input pin "SW[5]" File: C:/Users/nicol/Desktop/insper/6_semestre/descomp/design_computadores/projeto2/entrega_intermediaria/CicloUnico.vhd Line: 14
    Warning (15610): No output dependent on input pin "SW[6]" File: C:/Users/nicol/Desktop/insper/6_semestre/descomp/design_computadores/projeto2/entrega_intermediaria/CicloUnico.vhd Line: 14
    Warning (15610): No output dependent on input pin "SW[7]" File: C:/Users/nicol/Desktop/insper/6_semestre/descomp/design_computadores/projeto2/entrega_intermediaria/CicloUnico.vhd Line: 14
    Warning (15610): No output dependent on input pin "SW[8]" File: C:/Users/nicol/Desktop/insper/6_semestre/descomp/design_computadores/projeto2/entrega_intermediaria/CicloUnico.vhd Line: 14
    Warning (15610): No output dependent on input pin "SW[9]" File: C:/Users/nicol/Desktop/insper/6_semestre/descomp/design_computadores/projeto2/entrega_intermediaria/CicloUnico.vhd Line: 14
    Warning (15610): No output dependent on input pin "SW[0]" File: C:/Users/nicol/Desktop/insper/6_semestre/descomp/design_computadores/projeto2/entrega_intermediaria/CicloUnico.vhd Line: 14
Info (21057): Implemented 208 device resources after synthesis - the final resource count might be different
    Info (21058): Implemented 15 input pins
    Info (21059): Implemented 52 output pins
    Info (21061): Implemented 141 logic cells
Info: Quartus Prime Analysis & Synthesis was successful. 0 errors, 24 warnings
    Info: Peak virtual memory: 4852 megabytes
    Info: Processing ended: Tue Nov 22 17:20:42 2022
    Info: Elapsed time: 00:00:12
    Info: Total CPU time (on all processors): 00:00:26


